2025-12-01 15:36:53,483 | INFO | Logging to: logs/usbl_transponder_20251201_153653.log
2025-12-01 15:36:53,483 | DEBUG | Using selector: EpollSelector
2025-12-01 15:36:53,485 | INFO | [OK] Connected to USBL at 192.168.0.232:9200
2025-12-01 15:36:53,485 | INFO | Transponder ID: 3 --> Transceiver ID: 2
2025-12-01 15:36:53,485 | INFO | 
2025-12-01 15:36:53,485 | INFO | ======================================================================
2025-12-01 15:36:53,485 | INFO | TRANSPONDER STARTED - Event-Driven Position Request
2025-12-01 15:36:53,485 | INFO | ======================================================================
2025-12-01 15:36:53,485 | INFO | 
2025-12-01 15:36:53,485 | INFO | Starting position request loop...
2025-12-01 15:36:53,485 | INFO | Request interval: 2.0s after each position received
2025-12-01 15:36:53,485 | INFO | 
2025-12-01 15:36:54,486 | INFO | --> [15:36:54] Sending position request #1
2025-12-01 15:36:57,129 | ERROR |   [FAIL] Position request FAILED - will retry
2025-12-01 15:36:57,129 | INFO |   <-- Response received in time
2025-12-01 15:36:57,129 | INFO |   ... Waiting 2.0s before next request...
2025-12-01 15:36:57,130 | INFO | 
2025-12-01 15:36:59,132 | INFO | --> [15:36:59] Sending position request #2
2025-12-01 15:37:01,775 | ERROR |   [FAIL] Position request FAILED - will retry
2025-12-01 15:37:01,776 | INFO |   <-- Response received in time
2025-12-01 15:37:01,776 | INFO |   ... Waiting 2.0s before next request...
2025-12-01 15:37:01,776 | INFO | 
2025-12-01 15:37:03,778 | INFO | --> [15:37:03] Sending position request #3
2025-12-01 15:37:04,997 | INFO | 
2025-12-01 15:37:04,997 | INFO | ======================================================================
2025-12-01 15:37:04,997 | INFO | POSITION RECEIVED #1
2025-12-01 15:37:04,997 | INFO | ======================================================================
2025-12-01 15:37:04,998 | INFO |   East:        -0.04 m (west)
2025-12-01 15:37:04,998 | INFO |   North:        1.43 m (north)
2025-12-01 15:37:04,998 | INFO |   Up:          -0.01 m (below)
2025-12-01 15:37:04,998 | INFO |   Distance:     1.43 m (3D)
2025-12-01 15:37:04,998 | INFO |   RSSI:     -57 dBm | Integrity: 121
2025-12-01 15:37:04,998 | INFO | ======================================================================
2025-12-01 15:37:04,998 | INFO |   <-- Response received in time
2025-12-01 15:37:04,998 | INFO |   ... Waiting 2.0s before next request...
2025-12-01 15:37:04,998 | INFO | 
2025-12-01 15:37:06,421 | ERROR |   [FAIL] Position request FAILED - will retry
2025-12-01 15:37:06,999 | INFO | --> [15:37:06] Sending position request #4
2025-12-01 15:37:09,642 | ERROR |   [FAIL] Position request FAILED - will retry
2025-12-01 15:37:09,642 | INFO |   <-- Response received in time
2025-12-01 15:37:09,652 | INFO |   ... Waiting 2.0s before next request...
2025-12-01 15:37:09,652 | INFO | 
2025-12-01 15:37:11,654 | INFO | --> [15:37:11] Sending position request #5
2025-12-01 15:37:14,298 | ERROR |   [FAIL] Position request FAILED - will retry
2025-12-01 15:37:14,298 | INFO |   <-- Response received in time
2025-12-01 15:37:14,298 | INFO |   ... Waiting 2.0s before next request...
2025-12-01 15:37:14,298 | INFO | 
2025-12-01 15:37:16,301 | INFO | --> [15:37:16] Sending position request #6
2025-12-01 15:37:16,886 | INFO |   [OK] Position request delivered to transceiver
2025-12-01 15:37:18,580 | INFO | 
2025-12-01 15:37:18,580 | INFO | ======================================================================
2025-12-01 15:37:18,580 | INFO | POSITION RECEIVED #2
2025-12-01 15:37:18,580 | INFO | ======================================================================
2025-12-01 15:37:18,580 | INFO |   East:        -0.04 m (west)
2025-12-01 15:37:18,580 | INFO |   North:        1.57 m (north)
2025-12-01 15:37:18,580 | INFO |   Up:          -0.01 m (below)
2025-12-01 15:37:18,580 | INFO |   Distance:     1.57 m (3D)
2025-12-01 15:37:18,580 | INFO |   RSSI:     -56 dBm | Integrity: 98
2025-12-01 15:37:18,580 | INFO | ======================================================================
2025-12-01 15:37:18,581 | INFO |   <-- Response received in time
2025-12-01 15:37:18,581 | INFO |   ... Waiting 2.0s before next request...
2025-12-01 15:37:18,581 | INFO | 
2025-12-01 15:37:20,583 | INFO | --> [15:37:20] Sending position request #7
2025-12-01 15:37:21,167 | INFO |   [OK] Position request delivered to transceiver
2025-12-01 15:37:21,805 | INFO | 
2025-12-01 15:37:21,805 | INFO | ======================================================================
2025-12-01 15:37:21,806 | INFO | POSITION RECEIVED #3
2025-12-01 15:37:21,806 | INFO | ======================================================================
2025-12-01 15:37:21,806 | INFO |   East:        -0.04 m (west)
2025-12-01 15:37:21,806 | INFO |   North:        1.57 m (north)
2025-12-01 15:37:21,806 | INFO |   Up:          -0.01 m (below)
2025-12-01 15:37:21,806 | INFO |   Distance:     1.57 m (3D)
2025-12-01 15:37:21,806 | INFO |   RSSI:     -57 dBm | Integrity: 82
2025-12-01 15:37:21,806 | INFO | ======================================================================
2025-12-01 15:37:21,806 | INFO |   <-- Response received in time
2025-12-01 15:37:21,806 | INFO |   ... Waiting 2.0s before next request...
2025-12-01 15:37:21,806 | INFO | 
2025-12-01 15:37:23,809 | INFO | --> [15:37:23] Sending position request #8
2025-12-01 15:37:24,393 | INFO |   [OK] Position request delivered to transceiver
2025-12-01 15:37:25,034 | INFO | 
2025-12-01 15:37:25,034 | INFO | ======================================================================
2025-12-01 15:37:25,034 | INFO | POSITION RECEIVED #4
2025-12-01 15:37:25,034 | INFO | ======================================================================
2025-12-01 15:37:25,034 | INFO |   East:        -0.04 m (west)
2025-12-01 15:37:25,034 | INFO |   North:        1.64 m (north)
2025-12-01 15:37:25,034 | INFO |   Up:          -0.01 m (below)
2025-12-01 15:37:25,034 | INFO |   Distance:     1.64 m (3D)
2025-12-01 15:37:25,034 | INFO |   RSSI:     -57 dBm | Integrity: 109
2025-12-01 15:37:25,035 | INFO | ======================================================================
2025-12-01 15:37:25,035 | INFO |   <-- Response received in time
2025-12-01 15:37:25,035 | INFO |   ... Waiting 2.0s before next request...
2025-12-01 15:37:25,035 | INFO | 
2025-12-01 15:37:27,037 | INFO | --> [15:37:27] Sending position request #9
2025-12-01 15:37:27,622 | INFO |   [OK] Position request delivered to transceiver
2025-12-01 15:37:28,245 | INFO | 
2025-12-01 15:37:28,245 | INFO | ======================================================================
2025-12-01 15:37:28,245 | INFO | POSITION RECEIVED #5
2025-12-01 15:37:28,245 | INFO | ======================================================================
2025-12-01 15:37:28,245 | INFO |   East:         0.01 m (east)
2025-12-01 15:37:28,245 | INFO |   North:       -0.09 m (south)
2025-12-01 15:37:28,245 | INFO |   Up:          -0.00 m (above)
2025-12-01 15:37:28,245 | INFO |   Distance:     0.09 m (3D)
2025-12-01 15:37:28,245 | INFO |   RSSI:     -57 dBm | Integrity: 117
2025-12-01 15:37:28,245 | INFO | ======================================================================
2025-12-01 15:37:28,245 | INFO |   <-- Response received in time
2025-12-01 15:37:28,246 | INFO |   ... Waiting 2.0s before next request...
2025-12-01 15:37:28,246 | INFO | 
2025-12-01 15:37:30,248 | INFO | --> [15:37:30] Sending position request #10
2025-12-01 15:37:32,235 | ERROR |   [FAIL] Position request FAILED - will retry
2025-12-01 15:37:32,235 | INFO |   <-- Response received in time
2025-12-01 15:37:32,235 | INFO |   ... Waiting 2.0s before next request...
2025-12-01 15:37:32,235 | INFO | 
2025-12-01 15:37:34,238 | INFO | --> [15:37:34] Sending position request #11
2025-12-01 15:37:34,842 | INFO |   [OK] Position request delivered to transceiver
2025-12-01 15:37:35,463 | INFO | 
2025-12-01 15:37:35,463 | INFO | ======================================================================
2025-12-01 15:37:35,463 | INFO | POSITION RECEIVED #6
2025-12-01 15:37:35,463 | INFO | ======================================================================
2025-12-01 15:37:35,463 | INFO |   East:         0.01 m (east)
2025-12-01 15:37:35,463 | INFO |   North:       -0.09 m (south)
2025-12-01 15:37:35,463 | INFO |   Up:          -0.00 m (above)
2025-12-01 15:37:35,463 | INFO |   Distance:     0.09 m (3D)
2025-12-01 15:37:35,463 | INFO |   RSSI:     -55 dBm | Integrity: 86
2025-12-01 15:37:35,463 | INFO | ======================================================================
2025-12-01 15:37:35,463 | INFO |   <-- Response received in time
2025-12-01 15:37:35,464 | INFO |   ... Waiting 2.0s before next request...
2025-12-01 15:37:35,464 | INFO | 
2025-12-01 15:37:37,466 | INFO | --> [15:37:37] Sending position request #12
2025-12-01 15:37:38,067 | INFO |   [OK] Position request delivered to transceiver
2025-12-01 15:37:39,757 | INFO | 
2025-12-01 15:37:39,757 | INFO | ======================================================================
2025-12-01 15:37:39,757 | INFO | POSITION RECEIVED #7
2025-12-01 15:37:39,757 | INFO | ======================================================================
2025-12-01 15:37:39,757 | INFO |   East:         0.01 m (east)
2025-12-01 15:37:39,757 | INFO |   North:       -0.09 m (south)
2025-12-01 15:37:39,757 | INFO |   Up:          -0.00 m (above)
2025-12-01 15:37:39,757 | INFO |   Distance:     0.09 m (3D)
2025-12-01 15:37:39,757 | INFO |   RSSI:     -58 dBm | Integrity: 107
2025-12-01 15:37:39,757 | INFO | ======================================================================
2025-12-01 15:37:39,757 | INFO |   <-- Response received in time
2025-12-01 15:37:39,757 | INFO |   ... Waiting 2.0s before next request...
2025-12-01 15:37:39,758 | INFO | 
2025-12-01 15:37:41,760 | INFO | --> [15:37:41] Sending position request #13
2025-12-01 15:37:43,309 | INFO |   [OK] Position request delivered to transceiver
2025-12-01 15:37:43,932 | INFO | 
2025-12-01 15:37:43,932 | INFO | ======================================================================
2025-12-01 15:37:43,933 | INFO | POSITION RECEIVED #8
2025-12-01 15:37:43,933 | INFO | ======================================================================
2025-12-01 15:37:43,933 | INFO |   East:         0.01 m (east)
2025-12-01 15:37:43,933 | INFO |   North:       -0.09 m (south)
2025-12-01 15:37:43,933 | INFO |   Up:          -0.00 m (above)
2025-12-01 15:37:43,933 | INFO |   Distance:     0.09 m (3D)
2025-12-01 15:37:43,933 | INFO |   RSSI:     -57 dBm | Integrity: 141
2025-12-01 15:37:43,933 | INFO | ======================================================================
2025-12-01 15:37:43,933 | INFO |   <-- Response received in time
2025-12-01 15:37:43,933 | INFO |   ... Waiting 2.0s before next request...
2025-12-01 15:37:43,933 | INFO | 
2025-12-01 15:37:45,936 | INFO | --> [15:37:45] Sending position request #14
2025-12-01 15:37:47,990 | ERROR |   [FAIL] Position request FAILED - will retry
2025-12-01 15:37:47,990 | INFO |   <-- Response received in time
2025-12-01 15:37:47,990 | INFO |   ... Waiting 2.0s before next request...
2025-12-01 15:37:47,990 | INFO | 
2025-12-01 15:37:49,992 | INFO | --> [15:37:49] Sending position request #15
2025-12-01 15:37:50,596 | INFO |   [OK] Position request delivered to transceiver
2025-12-01 15:37:52,274 | INFO | 
2025-12-01 15:37:52,274 | INFO | ======================================================================
2025-12-01 15:37:52,274 | INFO | POSITION RECEIVED #9
2025-12-01 15:37:52,274 | INFO | ======================================================================
2025-12-01 15:37:52,274 | INFO |   East:        -0.04 m (west)
2025-12-01 15:37:52,274 | INFO |   North:        1.60 m (north)
2025-12-01 15:37:52,275 | INFO |   Up:          -0.01 m (below)
2025-12-01 15:37:52,275 | INFO |   Distance:     1.60 m (3D)
2025-12-01 15:37:52,275 | INFO |   RSSI:     -61 dBm | Integrity: 127
2025-12-01 15:37:52,275 | INFO | ======================================================================
2025-12-01 15:37:52,275 | INFO |   <-- Response received in time
2025-12-01 15:37:52,275 | INFO |   ... Waiting 2.0s before next request...
2025-12-01 15:37:52,275 | INFO | 
2025-12-01 15:37:54,277 | INFO | --> [15:37:54] Sending position request #16
2025-12-01 15:37:54,879 | INFO |   [OK] Position request delivered to transceiver
2025-12-01 15:37:56,737 | INFO | 
2025-12-01 15:37:56,737 | INFO | ======================================================================
2025-12-01 15:37:56,737 | INFO | POSITION RECEIVED #10
2025-12-01 15:37:56,737 | INFO | ======================================================================
2025-12-01 15:37:56,737 | INFO |   East:        -0.04 m (west)
2025-12-01 15:37:56,737 | INFO |   North:        1.60 m (north)
2025-12-01 15:37:56,737 | INFO |   Up:          -0.01 m (below)
2025-12-01 15:37:56,738 | INFO |   Distance:     1.60 m (3D)
2025-12-01 15:37:56,738 | INFO |   RSSI:     -56 dBm | Integrity: 87
2025-12-01 15:37:56,738 | INFO | ======================================================================
2025-12-01 15:37:56,738 | INFO |   <-- Response received in time
2025-12-01 15:37:56,738 | INFO |   ... Waiting 2.0s before next request...
2025-12-01 15:37:56,738 | INFO | 
2025-12-01 15:37:58,740 | INFO | --> [15:37:58] Sending position request #17
2025-12-01 15:38:00,147 | INFO | 
2025-12-01 15:38:00,147 | INFO | ======================================================================
2025-12-01 15:38:00,147 | INFO | POSITION RECEIVED #11
2025-12-01 15:38:00,147 | INFO | ======================================================================
2025-12-01 15:38:00,147 | INFO |   East:        -0.04 m (west)
2025-12-01 15:38:00,147 | INFO |   North:        1.60 m (north)
2025-12-01 15:38:00,147 | INFO |   Up:          -0.01 m (below)
2025-12-01 15:38:00,147 | INFO |   Distance:     1.60 m (3D)
2025-12-01 15:38:00,147 | INFO |   RSSI:     -59 dBm | Integrity: 83
2025-12-01 15:38:00,147 | INFO | ======================================================================
2025-12-01 15:38:00,147 | INFO |   <-- Response received in time
2025-12-01 15:38:00,147 | INFO |   ... Waiting 2.0s before next request...
2025-12-01 15:38:00,147 | INFO | 
2025-12-01 15:38:01,166 | ERROR |   [FAIL] Position request FAILED - will retry
2025-12-01 15:38:02,149 | INFO | --> [15:38:02] Sending position request #18
2025-12-01 15:38:02,750 | INFO |   [OK] Position request delivered to transceiver
2025-12-01 15:38:03,376 | INFO | 
2025-12-01 15:38:03,376 | INFO | ======================================================================
2025-12-01 15:38:03,376 | INFO | POSITION RECEIVED #12
2025-12-01 15:38:03,376 | INFO | ======================================================================
2025-12-01 15:38:03,376 | INFO |   East:        -0.04 m (west)
2025-12-01 15:38:03,376 | INFO |   North:        1.60 m (north)
2025-12-01 15:38:03,376 | INFO |   Up:          -0.01 m (below)
2025-12-01 15:38:03,376 | INFO |   Distance:     1.60 m (3D)
2025-12-01 15:38:03,376 | INFO |   RSSI:     -59 dBm | Integrity: 110
2025-12-01 15:38:03,376 | INFO | ======================================================================
2025-12-01 15:38:03,376 | INFO |   <-- Response received in time
2025-12-01 15:38:03,376 | INFO |   ... Waiting 2.0s before next request...
2025-12-01 15:38:03,376 | INFO | 
2025-12-01 15:38:05,379 | INFO | --> [15:38:05] Sending position request #19
2025-12-01 15:38:07,425 | ERROR |   [FAIL] Position request FAILED - will retry
2025-12-01 15:38:07,425 | INFO |   <-- Response received in time
2025-12-01 15:38:07,425 | INFO |   ... Waiting 2.0s before next request...
2025-12-01 15:38:07,425 | INFO | 
2025-12-01 15:38:09,427 | INFO | --> [15:38:09] Sending position request #20
2025-12-01 15:38:11,344 | ERROR |   [FAIL] Position request FAILED - will retry
2025-12-01 15:38:11,344 | INFO |   <-- Response received in time
2025-12-01 15:38:11,344 | INFO |   ... Waiting 2.0s before next request...
2025-12-01 15:38:11,344 | INFO | 
2025-12-01 15:38:13,347 | INFO | --> [15:38:13] Sending position request #21
2025-12-01 15:38:15,451 | ERROR |   [FAIL] Position request FAILED - will retry
2025-12-01 15:38:15,452 | INFO |   <-- Response received in time
2025-12-01 15:38:15,452 | INFO |   ... Waiting 2.0s before next request...
2025-12-01 15:38:15,452 | INFO | 
2025-12-01 15:38:17,454 | INFO | --> [15:38:17] Sending position request #22
2025-12-01 15:38:19,366 | ERROR |   [FAIL] Position request FAILED - will retry
2025-12-01 15:38:19,366 | INFO |   <-- Response received in time
2025-12-01 15:38:19,366 | INFO |   ... Waiting 2.0s before next request...
2025-12-01 15:38:19,366 | INFO | 
2025-12-01 15:38:21,369 | INFO | --> [15:38:21] Sending position request #23
2025-12-01 15:38:23,536 | ERROR |   [FAIL] Position request FAILED - will retry
2025-12-01 15:38:23,536 | INFO |   <-- Response received in time
2025-12-01 15:38:23,536 | INFO |   ... Waiting 2.0s before next request...
2025-12-01 15:38:23,537 | INFO | 
2025-12-01 15:38:25,539 | INFO | --> [15:38:25] Sending position request #24
2025-12-01 15:38:27,506 | ERROR |   [FAIL] Position request FAILED - will retry
2025-12-01 15:38:27,506 | INFO |   <-- Response received in time
2025-12-01 15:38:27,506 | INFO |   ... Waiting 2.0s before next request...
2025-12-01 15:38:27,506 | INFO | 
2025-12-01 15:38:29,509 | INFO | --> [15:38:29] Sending position request #25
2025-12-01 15:38:31,148 | INFO |   [OK] Position request delivered to transceiver
2025-12-01 15:38:39,519 | WARNING |   [TIMEOUT] Waiting for position response
2025-12-01 15:38:39,519 | INFO |   ... Waiting 2.0s before next request...
2025-12-01 15:38:39,519 | INFO | 
2025-12-01 15:38:41,522 | INFO | --> [15:38:41] Sending position request #26
2025-12-01 15:38:43,474 | ERROR |   [FAIL] Position request FAILED - will retry
2025-12-01 15:38:43,474 | INFO |   <-- Response received in time
2025-12-01 15:38:43,474 | INFO |   ... Waiting 2.0s before next request...
2025-12-01 15:38:43,474 | INFO | 
2025-12-01 15:38:45,477 | INFO | --> [15:38:45] Sending position request #27
2025-12-01 15:38:47,762 | ERROR |   [FAIL] Position request FAILED - will retry
2025-12-01 15:38:47,763 | INFO |   <-- Response received in time
2025-12-01 15:38:47,763 | INFO |   ... Waiting 2.0s before next request...
2025-12-01 15:38:47,763 | INFO | 
2025-12-01 15:38:49,766 | INFO | --> [15:38:49] Sending position request #28
2025-12-01 15:38:50,366 | INFO |   [OK] Position request delivered to transceiver
2025-12-01 15:38:51,652 | INFO | 
2025-12-01 15:38:51,652 | INFO | ======================================================================
2025-12-01 15:38:51,652 | INFO | POSITION RECEIVED #13
2025-12-01 15:38:51,652 | INFO | ======================================================================
2025-12-01 15:38:51,652 | INFO |   East:        -0.04 m (west)
2025-12-01 15:38:51,652 | INFO |   North:        1.39 m (north)
2025-12-01 15:38:51,652 | INFO |   Up:          -0.01 m (below)
2025-12-01 15:38:51,652 | INFO |   Distance:     1.39 m (3D)
2025-12-01 15:38:51,652 | INFO |   RSSI:     -56 dBm | Integrity: 105
2025-12-01 15:38:51,652 | INFO | ======================================================================
2025-12-01 15:38:51,652 | INFO |   <-- Response received in time
2025-12-01 15:38:51,652 | INFO |   ... Waiting 2.0s before next request...
2025-12-01 15:38:51,653 | INFO | 
2025-12-01 15:38:53,655 | INFO | --> [15:38:53] Sending position request #29
2025-12-01 15:38:55,428 | ERROR |   [FAIL] Position request FAILED - will retry
2025-12-01 15:38:55,429 | INFO |   <-- Response received in time
2025-12-01 15:38:55,429 | INFO |   ... Waiting 2.0s before next request...
2025-12-01 15:38:55,429 | INFO | 
2025-12-01 15:38:57,432 | INFO | --> [15:38:57] Sending position request #30
2025-12-01 15:38:59,375 | ERROR |   [FAIL] Position request FAILED - will retry
2025-12-01 15:38:59,375 | INFO |   <-- Response received in time
2025-12-01 15:38:59,375 | INFO |   ... Waiting 2.0s before next request...
2025-12-01 15:38:59,376 | INFO | 
2025-12-01 15:39:01,378 | INFO | --> [15:39:01] Sending position request #31
2025-12-01 15:39:02,981 | INFO |   [OK] Position request delivered to transceiver
2025-12-01 15:39:11,387 | WARNING |   [TIMEOUT] Waiting for position response
2025-12-01 15:39:11,387 | INFO |   ... Waiting 2.0s before next request...
2025-12-01 15:39:11,387 | INFO | 
2025-12-01 15:39:13,390 | INFO | --> [15:39:13] Sending position request #32
2025-12-01 15:39:15,525 | ERROR |   [FAIL] Position request FAILED - will retry
2025-12-01 15:39:15,525 | INFO |   <-- Response received in time
2025-12-01 15:39:15,525 | INFO |   ... Waiting 2.0s before next request...
2025-12-01 15:39:15,525 | INFO | 
2025-12-01 15:39:17,527 | INFO | --> [15:39:17] Sending position request #33
2025-12-01 15:39:19,586 | ERROR |   [FAIL] Position request FAILED - will retry
2025-12-01 15:39:19,587 | INFO |   <-- Response received in time
2025-12-01 15:39:19,587 | INFO |   ... Waiting 2.0s before next request...
2025-12-01 15:39:19,587 | INFO | 
2025-12-01 15:39:21,590 | INFO | --> [15:39:21] Sending position request #34
2025-12-01 15:39:23,724 | ERROR |   [FAIL] Position request FAILED - will retry
2025-12-01 15:39:23,724 | INFO |   <-- Response received in time
2025-12-01 15:39:23,724 | INFO |   ... Waiting 2.0s before next request...
2025-12-01 15:39:23,724 | INFO | 
2025-12-01 15:39:25,726 | INFO | --> [15:39:25] Sending position request #35
2025-12-01 15:39:26,325 | INFO |   [OK] Position request delivered to transceiver
2025-12-01 15:39:28,252 | INFO | 
2025-12-01 15:39:28,252 | INFO | ======================================================================
2025-12-01 15:39:28,252 | INFO | POSITION RECEIVED #14
2025-12-01 15:39:28,252 | INFO | ======================================================================
2025-12-01 15:39:28,253 | INFO |   East:        -0.04 m (west)
2025-12-01 15:39:28,253 | INFO |   North:        1.39 m (north)
2025-12-01 15:39:28,253 | INFO |   Up:          -0.01 m (below)
2025-12-01 15:39:28,253 | INFO |   Distance:     1.39 m (3D)
2025-12-01 15:39:28,253 | INFO |   RSSI:     -56 dBm | Integrity: 115
2025-12-01 15:39:28,253 | INFO | ======================================================================
2025-12-01 15:39:28,253 | INFO |   <-- Response received in time
2025-12-01 15:39:28,253 | INFO |   ... Waiting 2.0s before next request...
2025-12-01 15:39:28,253 | INFO | 
2025-12-01 15:39:30,256 | INFO | --> [15:39:30] Sending position request #36
2025-12-01 15:39:30,855 | INFO |   [OK] Position request delivered to transceiver
2025-12-01 15:39:31,478 | INFO | 
2025-12-01 15:39:31,479 | INFO | ======================================================================
2025-12-01 15:39:31,479 | INFO | POSITION RECEIVED #15
2025-12-01 15:39:31,479 | INFO | ======================================================================
2025-12-01 15:39:31,479 | INFO |   East:        -0.04 m (west)
2025-12-01 15:39:31,479 | INFO |   North:       -1.59 m (south)
2025-12-01 15:39:31,479 | INFO |   Up:           0.00 m (above)
2025-12-01 15:39:31,479 | INFO |   Distance:     1.59 m (3D)
2025-12-01 15:39:31,479 | INFO |   RSSI:     -55 dBm | Integrity: 125
2025-12-01 15:39:31,479 | INFO | ======================================================================
2025-12-01 15:39:31,480 | INFO |   <-- Response received in time
2025-12-01 15:39:31,480 | INFO |   ... Waiting 2.0s before next request...
2025-12-01 15:39:31,480 | INFO | 
2025-12-01 15:39:33,482 | INFO | --> [15:39:33] Sending position request #37
2025-12-01 15:39:34,084 | INFO |   [OK] Position request delivered to transceiver
2025-12-01 15:39:34,705 | INFO | 
2025-12-01 15:39:34,705 | INFO | ======================================================================
2025-12-01 15:39:34,705 | INFO | POSITION RECEIVED #16
2025-12-01 15:39:34,705 | INFO | ======================================================================
2025-12-01 15:39:34,705 | INFO |   East:        -0.04 m (west)
2025-12-01 15:39:34,705 | INFO |   North:        1.49 m (north)
2025-12-01 15:39:34,705 | INFO |   Up:           0.01 m (above)
2025-12-01 15:39:34,705 | INFO |   Distance:     1.49 m (3D)
2025-12-01 15:39:34,706 | INFO |   RSSI:     -56 dBm | Integrity: 134
2025-12-01 15:39:34,706 | INFO | ======================================================================
2025-12-01 15:39:34,706 | INFO |   <-- Response received in time
2025-12-01 15:39:34,706 | INFO |   ... Waiting 2.0s before next request...
2025-12-01 15:39:34,706 | INFO | 
2025-12-01 15:39:36,709 | INFO | --> [15:39:36] Sending position request #38
2025-12-01 15:39:37,308 | INFO |   [OK] Position request delivered to transceiver
2025-12-01 15:39:37,932 | INFO | 
2025-12-01 15:39:37,932 | INFO | ======================================================================
2025-12-01 15:39:37,932 | INFO | POSITION RECEIVED #17
2025-12-01 15:39:37,933 | INFO | ======================================================================
2025-12-01 15:39:37,933 | INFO |   East:        -0.04 m (west)
2025-12-01 15:39:37,933 | INFO |   North:        1.49 m (north)
2025-12-01 15:39:37,933 | INFO |   Up:           0.01 m (above)
2025-12-01 15:39:37,933 | INFO |   Distance:     1.49 m (3D)
2025-12-01 15:39:37,933 | INFO |   RSSI:     -53 dBm | Integrity: 144
2025-12-01 15:39:37,933 | INFO | ======================================================================
2025-12-01 15:39:37,933 | INFO |   <-- Response received in time
2025-12-01 15:39:37,933 | INFO |   ... Waiting 2.0s before next request...
2025-12-01 15:39:37,933 | INFO | 
2025-12-01 15:39:39,935 | INFO | --> [15:39:39] Sending position request #39
2025-12-01 15:39:40,534 | INFO |   [OK] Position request delivered to transceiver
2025-12-01 15:39:41,177 | INFO | 
2025-12-01 15:39:41,177 | INFO | ======================================================================
2025-12-01 15:39:41,177 | INFO | POSITION RECEIVED #18
2025-12-01 15:39:41,178 | INFO | ======================================================================
2025-12-01 15:39:41,178 | INFO |   East:        -0.04 m (west)
2025-12-01 15:39:41,178 | INFO |   North:        1.56 m (north)
2025-12-01 15:39:41,178 | INFO |   Up:          -0.01 m (below)
2025-12-01 15:39:41,178 | INFO |   Distance:     1.56 m (3D)
2025-12-01 15:39:41,178 | INFO |   RSSI:     -55 dBm | Integrity: 123
2025-12-01 15:39:41,178 | INFO | ======================================================================
2025-12-01 15:39:41,178 | INFO |   <-- Response received in time
2025-12-01 15:39:41,178 | INFO |   ... Waiting 2.0s before next request...
2025-12-01 15:39:41,178 | INFO | 
2025-12-01 15:39:43,181 | INFO | --> [15:39:43] Sending position request #40
2025-12-01 15:39:44,734 | INFO |   [OK] Position request delivered to transceiver
2025-12-01 15:39:45,519 | INFO | 
2025-12-01 15:39:45,519 | INFO | ======================================================================
2025-12-01 15:39:45,520 | INFO | POSITION RECEIVED #19
2025-12-01 15:39:45,520 | INFO | ======================================================================
2025-12-01 15:39:45,520 | INFO |   East:        -0.04 m (west)
2025-12-01 15:39:45,520 | INFO |   North:        1.56 m (north)
2025-12-01 15:39:45,520 | INFO |   Up:          -0.01 m (below)
2025-12-01 15:39:45,520 | INFO |   Distance:     1.56 m (3D)
2025-12-01 15:39:45,520 | INFO |   RSSI:     -55 dBm | Integrity: 135
2025-12-01 15:39:45,520 | INFO | ======================================================================
2025-12-01 15:39:45,520 | INFO |   <-- Response received in time
2025-12-01 15:39:45,520 | INFO |   ... Waiting 2.0s before next request...
2025-12-01 15:39:45,521 | INFO | 
2025-12-01 15:39:47,523 | INFO | --> [15:39:47] Sending position request #41
2025-12-01 15:39:48,124 | INFO |   [OK] Position request delivered to transceiver
2025-12-01 15:39:50,306 | INFO | 
2025-12-01 15:39:50,307 | INFO | ======================================================================
2025-12-01 15:39:50,307 | INFO | POSITION RECEIVED #20
2025-12-01 15:39:50,307 | INFO | ======================================================================
2025-12-01 15:39:50,307 | INFO |   East:        -0.04 m (west)
2025-12-01 15:39:50,307 | INFO |   North:        1.53 m (north)
2025-12-01 15:39:50,307 | INFO |   Up:          -0.01 m (below)
2025-12-01 15:39:50,307 | INFO |   Distance:     1.53 m (3D)
2025-12-01 15:39:50,307 | INFO |   RSSI:     -56 dBm | Integrity: 121
2025-12-01 15:39:50,307 | INFO | ======================================================================
2025-12-01 15:39:50,307 | INFO |   <-- Response received in time
2025-12-01 15:39:50,307 | INFO |   ... Waiting 2.0s before next request...
2025-12-01 15:39:50,307 | INFO | 
2025-12-01 15:39:52,309 | INFO | --> [15:39:52] Sending position request #42
