2025-12-01 15:33:01,469 | INFO | Logging to: logs/usbl_transponder_20251201_153301.log
2025-12-01 15:33:01,469 | DEBUG | Using selector: EpollSelector
2025-12-01 15:33:01,470 | INFO | [OK] Connected to USBL at 192.168.0.232:9200
2025-12-01 15:33:01,470 | INFO | Transponder ID: 3 --> Transceiver ID: 2
2025-12-01 15:33:01,470 | INFO | 
2025-12-01 15:33:01,470 | INFO | ======================================================================
2025-12-01 15:33:01,471 | INFO | TRANSPONDER STARTED - Event-Driven Position Request
2025-12-01 15:33:01,471 | INFO | ======================================================================
2025-12-01 15:33:01,471 | INFO | 
2025-12-01 15:33:01,471 | INFO | Starting position request loop...
2025-12-01 15:33:01,471 | INFO | Request interval: 2.0s after each position received
2025-12-01 15:33:01,471 | INFO | 
2025-12-01 15:33:02,472 | INFO | --> [15:33:02] Sending position request #1
2025-12-01 15:33:03,053 | INFO |   [OK] Position request delivered to transceiver
2025-12-01 15:33:03,693 | INFO | 
2025-12-01 15:33:03,693 | INFO | ======================================================================
2025-12-01 15:33:03,693 | INFO | POSITION RECEIVED #1
2025-12-01 15:33:03,693 | INFO | ======================================================================
2025-12-01 15:33:03,693 | INFO |   East:        -0.04 m (west)
2025-12-01 15:33:03,694 | INFO |   North:        1.35 m (north)
2025-12-01 15:33:03,694 | INFO |   Up:          -0.01 m (below)
2025-12-01 15:33:03,694 | INFO |   Distance:     1.35 m (3D)
2025-12-01 15:33:03,694 | INFO |   RSSI:     -58 dBm | Integrity: 148
2025-12-01 15:33:03,694 | INFO | ======================================================================
2025-12-01 15:33:03,694 | INFO |   <-- Response received in time
2025-12-01 15:33:03,694 | INFO |   ... Waiting 2.0s before next request...
2025-12-01 15:33:03,694 | INFO | 
2025-12-01 15:33:05,697 | INFO | --> [15:33:05] Sending position request #2
2025-12-01 15:33:06,281 | INFO |   [OK] Position request delivered to transceiver
2025-12-01 15:33:06,919 | INFO | 
2025-12-01 15:33:06,920 | INFO | ======================================================================
2025-12-01 15:33:06,920 | INFO | POSITION RECEIVED #2
2025-12-01 15:33:06,920 | INFO | ======================================================================
2025-12-01 15:33:06,920 | INFO |   East:        -0.04 m (west)
2025-12-01 15:33:06,920 | INFO |   North:        1.34 m (north)
2025-12-01 15:33:06,920 | INFO |   Up:          -0.01 m (below)
2025-12-01 15:33:06,920 | INFO |   Distance:     1.34 m (3D)
2025-12-01 15:33:06,920 | INFO |   RSSI:     -57 dBm | Integrity: 125
2025-12-01 15:33:06,920 | INFO | ======================================================================
2025-12-01 15:33:06,920 | INFO |   <-- Response received in time
2025-12-01 15:33:06,920 | INFO |   ... Waiting 2.0s before next request...
2025-12-01 15:33:06,920 | INFO | 
2025-12-01 15:33:08,923 | INFO | --> [15:33:08] Sending position request #3
2025-12-01 15:33:10,143 | INFO | 
2025-12-01 15:33:10,143 | INFO | ======================================================================
2025-12-01 15:33:10,146 | INFO | POSITION RECEIVED #3
2025-12-01 15:33:10,147 | INFO | ======================================================================
2025-12-01 15:33:10,147 | INFO |   East:        -0.04 m (west)
2025-12-01 15:33:10,147 | INFO |   North:        1.35 m (north)
2025-12-01 15:33:10,147 | INFO |   Up:          -0.01 m (below)
2025-12-01 15:33:10,147 | INFO |   Distance:     1.35 m (3D)
2025-12-01 15:33:10,147 | INFO |   RSSI:     -58 dBm | Integrity: 121
2025-12-01 15:33:10,147 | INFO | ======================================================================
2025-12-01 15:33:10,147 | INFO |   <-- Response received in time
2025-12-01 15:33:10,147 | INFO |   ... Waiting 2.0s before next request...
2025-12-01 15:33:10,147 | INFO | 
2025-12-01 15:33:10,729 | INFO |   [OK] Position request delivered to transceiver
2025-12-01 15:33:11,368 | INFO | 
2025-12-01 15:33:11,369 | INFO | ======================================================================
2025-12-01 15:33:11,369 | INFO | POSITION RECEIVED #4
2025-12-01 15:33:11,369 | INFO | ======================================================================
2025-12-01 15:33:11,369 | INFO |   East:        -0.04 m (west)
2025-12-01 15:33:11,369 | INFO |   North:        1.36 m (north)
2025-12-01 15:33:11,369 | INFO |   Up:          -0.01 m (below)
2025-12-01 15:33:11,369 | INFO |   Distance:     1.36 m (3D)
2025-12-01 15:33:11,369 | INFO |   RSSI:     -58 dBm | Integrity: 119
2025-12-01 15:33:11,369 | INFO | ======================================================================
2025-12-01 15:33:12,149 | INFO | --> [15:33:12] Sending position request #4
2025-12-01 15:33:13,640 | INFO |   [OK] Position request delivered to transceiver
2025-12-01 15:33:14,278 | INFO | 
2025-12-01 15:33:14,278 | INFO | ======================================================================
2025-12-01 15:33:14,279 | INFO | POSITION RECEIVED #5
2025-12-01 15:33:14,279 | INFO | ======================================================================
2025-12-01 15:33:14,279 | INFO |   East:        -0.04 m (west)
2025-12-01 15:33:14,279 | INFO |   North:        1.34 m (north)
2025-12-01 15:33:14,279 | INFO |   Up:          -0.01 m (below)
2025-12-01 15:33:14,279 | INFO |   Distance:     1.34 m (3D)
2025-12-01 15:33:14,279 | INFO |   RSSI:     -58 dBm | Integrity: 123
2025-12-01 15:33:14,279 | INFO | ======================================================================
2025-12-01 15:33:14,279 | INFO |   <-- Response received in time
2025-12-01 15:33:14,279 | INFO |   ... Waiting 2.0s before next request...
2025-12-01 15:33:14,279 | INFO | 
2025-12-01 15:33:16,282 | INFO | --> [15:33:16] Sending position request #5
2025-12-01 15:33:18,181 | ERROR |   [FAIL] Position request FAILED - will retry
2025-12-01 15:33:18,181 | INFO |   <-- Response received in time
2025-12-01 15:33:18,181 | INFO |   ... Waiting 2.0s before next request...
2025-12-01 15:33:18,181 | INFO | 
2025-12-01 15:33:20,184 | INFO | --> [15:33:20] Sending position request #6
2025-12-01 15:33:22,394 | INFO | 
2025-12-01 15:33:22,394 | INFO | ======================================================================
2025-12-01 15:33:22,394 | INFO | POSITION RECEIVED #6
2025-12-01 15:33:22,394 | INFO | ======================================================================
2025-12-01 15:33:22,395 | INFO |   East:        -0.04 m (west)
2025-12-01 15:33:22,395 | INFO |   North:        1.32 m (north)
2025-12-01 15:33:22,395 | INFO |   Up:          -0.01 m (below)
2025-12-01 15:33:22,395 | INFO |   Distance:     1.32 m (3D)
2025-12-01 15:33:22,395 | INFO |   RSSI:     -58 dBm | Integrity: 124
2025-12-01 15:33:22,395 | INFO | ======================================================================
2025-12-01 15:33:22,395 | INFO |   <-- Response received in time
2025-12-01 15:33:22,395 | INFO |   ... Waiting 2.0s before next request...
2025-12-01 15:33:22,395 | INFO | 
2025-12-01 15:33:22,425 | ERROR |   [FAIL] Position request FAILED - will retry
2025-12-01 15:33:24,398 | INFO | --> [15:33:24] Sending position request #7
2025-12-01 15:33:26,290 | ERROR |   [FAIL] Position request FAILED - will retry
2025-12-01 15:33:26,290 | INFO |   <-- Response received in time
2025-12-01 15:33:26,290 | INFO |   ... Waiting 2.0s before next request...
2025-12-01 15:33:26,290 | INFO | 
2025-12-01 15:33:28,293 | INFO | --> [15:33:28] Sending position request #8
2025-12-01 15:33:29,513 | INFO | 
2025-12-01 15:33:29,513 | INFO | ======================================================================
2025-12-01 15:33:29,513 | INFO | POSITION RECEIVED #7
2025-12-01 15:33:29,514 | INFO | ======================================================================
2025-12-01 15:33:29,514 | INFO |   East:        -0.04 m (west)
2025-12-01 15:33:29,514 | INFO |   North:        1.34 m (north)
2025-12-01 15:33:29,514 | INFO |   Up:          -0.01 m (below)
2025-12-01 15:33:29,514 | INFO |   Distance:     1.34 m (3D)
2025-12-01 15:33:29,514 | INFO |   RSSI:     -56 dBm | Integrity: 116
2025-12-01 15:33:29,514 | INFO | ======================================================================
2025-12-01 15:33:29,514 | INFO |   <-- Response received in time
2025-12-01 15:33:29,514 | INFO |   ... Waiting 2.0s before next request...
2025-12-01 15:33:29,514 | INFO | 
2025-12-01 15:33:30,485 | ERROR |   [FAIL] Position request FAILED - will retry
2025-12-01 15:33:31,516 | INFO | --> [15:33:31] Sending position request #9
2025-12-01 15:33:33,483 | ERROR |   [FAIL] Position request FAILED - will retry
2025-12-01 15:33:33,484 | INFO |   <-- Response received in time
2025-12-01 15:33:33,484 | INFO |   ... Waiting 2.0s before next request...
2025-12-01 15:33:33,484 | INFO | 
2025-12-01 15:33:35,486 | INFO | --> [15:33:35] Sending position request #10
2025-12-01 15:33:37,542 | ERROR |   [FAIL] Position request FAILED - will retry
2025-12-01 15:33:37,542 | INFO |   <-- Response received in time
2025-12-01 15:33:37,542 | INFO |   ... Waiting 2.0s before next request...
2025-12-01 15:33:37,543 | INFO | 
2025-12-01 15:33:39,545 | INFO | --> [15:33:39] Sending position request #11
2025-12-01 15:33:40,147 | INFO |   [OK] Position request delivered to transceiver
2025-12-01 15:33:40,787 | INFO | 
2025-12-01 15:33:40,788 | INFO | ======================================================================
2025-12-01 15:33:40,788 | INFO | POSITION RECEIVED #8
2025-12-01 15:33:40,788 | INFO | ======================================================================
2025-12-01 15:33:40,788 | INFO |   East:        -0.04 m (west)
2025-12-01 15:33:40,788 | INFO |   North:        1.34 m (north)
2025-12-01 15:33:40,788 | INFO |   Up:          -0.01 m (below)
2025-12-01 15:33:40,788 | INFO |   Distance:     1.34 m (3D)
2025-12-01 15:33:40,788 | INFO |   RSSI:     -58 dBm | Integrity: 107
2025-12-01 15:33:40,788 | INFO | ======================================================================
2025-12-01 15:33:40,789 | INFO |   <-- Response received in time
2025-12-01 15:33:40,789 | INFO |   ... Waiting 2.0s before next request...
2025-12-01 15:33:40,789 | INFO | 
2025-12-01 15:33:41,841 | INFO | 
2025-12-01 15:33:41,842 | INFO | ======================================================================
2025-12-01 15:33:41,842 | INFO | POSITION RECEIVED #9
2025-12-01 15:33:41,842 | INFO | ======================================================================
2025-12-01 15:33:41,842 | INFO |   East:        -0.04 m (west)
2025-12-01 15:33:41,842 | INFO |   North:        1.34 m (north)
2025-12-01 15:33:41,842 | INFO |   Up:          -0.01 m (below)
2025-12-01 15:33:41,842 | INFO |   Distance:     1.34 m (3D)
2025-12-01 15:33:41,842 | INFO |   RSSI:     -58 dBm | Integrity: 109
2025-12-01 15:33:41,842 | INFO | ======================================================================
2025-12-01 15:33:42,791 | INFO | --> [15:33:42] Sending position request #12
2025-12-01 15:33:43,392 | INFO |   [OK] Position request delivered to transceiver
2025-12-01 15:33:44,031 | INFO | 
2025-12-01 15:33:44,032 | INFO | ======================================================================
2025-12-01 15:33:44,032 | INFO | POSITION RECEIVED #10
2025-12-01 15:33:44,032 | INFO | ======================================================================
2025-12-01 15:33:44,032 | INFO |   East:        -0.04 m (west)
2025-12-01 15:33:44,032 | INFO |   North:        1.44 m (north)
2025-12-01 15:33:44,032 | INFO |   Up:          -0.01 m (below)
2025-12-01 15:33:44,032 | INFO |   Distance:     1.44 m (3D)
2025-12-01 15:33:44,032 | INFO |   RSSI:     -57 dBm | Integrity: 94
2025-12-01 15:33:44,032 | INFO | ======================================================================
2025-12-01 15:33:44,032 | INFO |   <-- Response received in time
2025-12-01 15:33:44,032 | INFO |   ... Waiting 2.0s before next request...
2025-12-01 15:33:44,032 | INFO | 
2025-12-01 15:33:46,034 | INFO | --> [15:33:46] Sending position request #13
2025-12-01 15:33:47,659 | INFO |   [OK] Position request delivered to transceiver
2025-12-01 15:33:48,297 | INFO | 
2025-12-01 15:33:48,298 | INFO | ======================================================================
2025-12-01 15:33:48,298 | INFO | POSITION RECEIVED #11
2025-12-01 15:33:48,298 | INFO | ======================================================================
2025-12-01 15:33:48,298 | INFO |   East:        -0.04 m (west)
2025-12-01 15:33:48,298 | INFO |   North:        1.44 m (north)
2025-12-01 15:33:48,298 | INFO |   Up:          -0.01 m (below)
2025-12-01 15:33:48,298 | INFO |   Distance:     1.44 m (3D)
2025-12-01 15:33:48,298 | INFO |   RSSI:     -58 dBm | Integrity: 106
2025-12-01 15:33:48,298 | INFO | ======================================================================
2025-12-01 15:33:48,298 | INFO |   <-- Response received in time
2025-12-01 15:33:48,298 | INFO |   ... Waiting 2.0s before next request...
2025-12-01 15:33:48,298 | INFO | 
2025-12-01 15:33:50,301 | INFO | --> [15:33:50] Sending position request #14
2025-12-01 15:33:51,841 | INFO |   [OK] Position request delivered to transceiver
2025-12-01 15:33:53,511 | INFO | 
2025-12-01 15:33:53,512 | INFO | ======================================================================
2025-12-01 15:33:53,512 | INFO | POSITION RECEIVED #12
2025-12-01 15:33:53,512 | INFO | ======================================================================
2025-12-01 15:33:53,512 | INFO |   East:        -0.00 m (east)
2025-12-01 15:33:53,512 | INFO |   North:        3.06 m (north)
2025-12-01 15:33:53,512 | INFO |   Up:           0.04 m (above)
2025-12-01 15:33:53,512 | INFO |   Distance:     3.06 m (3D)
2025-12-01 15:33:53,512 | INFO |   RSSI:     -58 dBm | Integrity: 114
2025-12-01 15:33:53,512 | INFO | ======================================================================
2025-12-01 15:33:53,512 | INFO |   <-- Response received in time
2025-12-01 15:33:53,512 | INFO |   ... Waiting 2.0s before next request...
2025-12-01 15:33:53,512 | INFO | 
2025-12-01 15:33:55,515 | INFO | --> [15:33:55] Sending position request #15
2025-12-01 15:33:56,114 | INFO |   [OK] Position request delivered to transceiver
2025-12-01 15:33:56,740 | INFO | 
2025-12-01 15:33:56,740 | INFO | ======================================================================
2025-12-01 15:33:56,743 | INFO | POSITION RECEIVED #13
2025-12-01 15:33:56,743 | INFO | ======================================================================
2025-12-01 15:33:56,743 | INFO |   East:        -0.01 m (west)
2025-12-01 15:33:56,743 | INFO |   North:        3.01 m (north)
2025-12-01 15:33:56,743 | INFO |   Up:           0.03 m (above)
2025-12-01 15:33:56,743 | INFO |   Distance:     3.01 m (3D)
2025-12-01 15:33:56,743 | INFO |   RSSI:     -58 dBm | Integrity: 104
2025-12-01 15:33:56,743 | INFO | ======================================================================
2025-12-01 15:33:56,744 | INFO |   <-- Response received in time
2025-12-01 15:33:56,744 | INFO |   ... Waiting 2.0s before next request...
2025-12-01 15:33:56,744 | INFO | 
2025-12-01 15:33:58,746 | INFO | --> [15:33:58] Sending position request #16
2025-12-01 15:34:00,658 | ERROR |   [FAIL] Position request FAILED - will retry
2025-12-01 15:34:00,658 | INFO |   <-- Response received in time
2025-12-01 15:34:00,658 | INFO |   ... Waiting 2.0s before next request...
2025-12-01 15:34:00,658 | INFO | 
2025-12-01 15:34:02,661 | INFO | --> [15:34:02] Sending position request #17
2025-12-01 15:34:03,883 | INFO | 
2025-12-01 15:34:03,883 | INFO | ======================================================================
2025-12-01 15:34:03,883 | INFO | POSITION RECEIVED #14
2025-12-01 15:34:03,883 | INFO | ======================================================================
2025-12-01 15:34:03,883 | INFO |   East:        -0.01 m (west)
2025-12-01 15:34:03,883 | INFO |   North:        3.01 m (north)
2025-12-01 15:34:03,883 | INFO |   Up:           0.03 m (above)
2025-12-01 15:34:03,883 | INFO |   Distance:     3.01 m (3D)
2025-12-01 15:34:03,883 | INFO |   RSSI:     -58 dBm | Integrity: 120
2025-12-01 15:34:03,883 | INFO | ======================================================================
2025-12-01 15:34:03,884 | INFO |   <-- Response received in time
2025-12-01 15:34:03,884 | INFO |   ... Waiting 2.0s before next request...
2025-12-01 15:34:03,884 | INFO | 
2025-12-01 15:34:04,486 | INFO |   [OK] Position request delivered to transceiver
2025-12-01 15:34:05,126 | INFO | 
2025-12-01 15:34:05,126 | INFO | ======================================================================
2025-12-01 15:34:05,126 | INFO | POSITION RECEIVED #15
2025-12-01 15:34:05,126 | INFO | ======================================================================
2025-12-01 15:34:05,126 | INFO |   East:        -0.04 m (west)
2025-12-01 15:34:05,126 | INFO |   North:        1.46 m (north)
2025-12-01 15:34:05,126 | INFO |   Up:          -0.01 m (below)
2025-12-01 15:34:05,126 | INFO |   Distance:     1.46 m (3D)
2025-12-01 15:34:05,127 | INFO |   RSSI:     -58 dBm | Integrity: 128
2025-12-01 15:34:05,127 | INFO | ======================================================================
2025-12-01 15:34:05,886 | INFO | --> [15:34:05] Sending position request #18
2025-12-01 15:34:06,486 | INFO |   [OK] Position request delivered to transceiver
2025-12-01 15:34:07,110 | INFO | 
2025-12-01 15:34:07,111 | INFO | ======================================================================
2025-12-01 15:34:07,111 | INFO | POSITION RECEIVED #16
2025-12-01 15:34:07,111 | INFO | ======================================================================
2025-12-01 15:34:07,111 | INFO |   East:        -0.04 m (west)
2025-12-01 15:34:07,111 | INFO |   North:        1.50 m (north)
2025-12-01 15:34:07,111 | INFO |   Up:          -0.01 m (below)
2025-12-01 15:34:07,111 | INFO |   Distance:     1.50 m (3D)
2025-12-01 15:34:07,111 | INFO |   RSSI:     -57 dBm | Integrity: 133
2025-12-01 15:34:07,111 | INFO | ======================================================================
2025-12-01 15:34:07,111 | INFO |   <-- Response received in time
2025-12-01 15:34:07,111 | INFO |   ... Waiting 2.0s before next request...
2025-12-01 15:34:07,111 | INFO | 
2025-12-01 15:34:09,114 | INFO | --> [15:34:09] Sending position request #19
2025-12-01 15:34:11,034 | ERROR |   [FAIL] Position request FAILED - will retry
2025-12-01 15:34:11,035 | INFO |   <-- Response received in time
2025-12-01 15:34:11,035 | INFO |   ... Waiting 2.0s before next request...
2025-12-01 15:34:11,035 | INFO | 
2025-12-01 15:34:13,037 | INFO | --> [15:34:13] Sending position request #20
2025-12-01 15:34:14,834 | INFO |   [OK] Position request delivered to transceiver
2025-12-01 15:34:15,458 | INFO | 
2025-12-01 15:34:15,459 | INFO | ======================================================================
2025-12-01 15:34:15,459 | INFO | POSITION RECEIVED #17
2025-12-01 15:34:15,459 | INFO | ======================================================================
2025-12-01 15:34:15,459 | INFO |   East:        -0.04 m (west)
2025-12-01 15:34:15,459 | INFO |   North:        1.50 m (north)
2025-12-01 15:34:15,459 | INFO |   Up:          -0.01 m (below)
2025-12-01 15:34:15,459 | INFO |   Distance:     1.50 m (3D)
2025-12-01 15:34:15,459 | INFO |   RSSI:     -57 dBm | Integrity: 99
2025-12-01 15:34:15,459 | INFO | ======================================================================
2025-12-01 15:34:15,459 | INFO |   <-- Response received in time
2025-12-01 15:34:15,459 | INFO |   ... Waiting 2.0s before next request...
2025-12-01 15:34:15,459 | INFO | 
2025-12-01 15:34:17,462 | INFO | --> [15:34:17] Sending position request #21
2025-12-01 15:34:18,991 | INFO |   [OK] Position request delivered to transceiver
2025-12-01 15:34:19,604 | INFO | 
2025-12-01 15:34:19,604 | INFO | ======================================================================
2025-12-01 15:34:19,604 | INFO | POSITION RECEIVED #18
2025-12-01 15:34:19,604 | INFO | ======================================================================
2025-12-01 15:34:19,604 | INFO |   East:        -0.00 m (east)
2025-12-01 15:34:19,604 | INFO |   North:        3.04 m (north)
2025-12-01 15:34:19,604 | INFO |   Up:           0.04 m (above)
2025-12-01 15:34:19,604 | INFO |   Distance:     3.04 m (3D)
2025-12-01 15:34:19,604 | INFO |   RSSI:     -56 dBm | Integrity: 115
2025-12-01 15:34:19,604 | INFO | ======================================================================
2025-12-01 15:34:19,604 | INFO |   <-- Response received in time
2025-12-01 15:34:19,605 | INFO |   ... Waiting 2.0s before next request...
2025-12-01 15:34:19,605 | INFO | 
2025-12-01 15:34:21,607 | INFO | --> [15:34:21] Sending position request #22
2025-12-01 15:34:22,209 | INFO |   [OK] Position request delivered to transceiver
2025-12-01 15:34:31,619 | WARNING |   [TIMEOUT] Waiting for position response
2025-12-01 15:34:31,619 | INFO |   ... Waiting 2.0s before next request...
2025-12-01 15:34:31,619 | INFO | 
2025-12-01 15:34:33,622 | INFO | --> [15:34:33] Sending position request #23
2025-12-01 15:34:35,550 | ERROR |   [FAIL] Position request FAILED - will retry
2025-12-01 15:34:35,550 | INFO |   <-- Response received in time
2025-12-01 15:34:35,550 | INFO |   ... Waiting 2.0s before next request...
2025-12-01 15:34:35,550 | INFO | 
2025-12-01 15:34:37,553 | INFO | --> [15:34:37] Sending position request #24
2025-12-01 15:34:39,564 | ERROR |   [FAIL] Position request FAILED - will retry
2025-12-01 15:34:39,565 | INFO |   <-- Response received in time
2025-12-01 15:34:39,565 | INFO |   ... Waiting 2.0s before next request...
2025-12-01 15:34:39,565 | INFO | 
2025-12-01 15:34:41,568 | INFO | --> [15:34:41] Sending position request #25
2025-12-01 15:34:42,170 | INFO |   [OK] Position request delivered to transceiver
2025-12-01 15:34:42,810 | INFO | 
2025-12-01 15:34:42,810 | INFO | ======================================================================
2025-12-01 15:34:42,810 | INFO | POSITION RECEIVED #19
2025-12-01 15:34:42,810 | INFO | ======================================================================
2025-12-01 15:34:42,810 | INFO |   East:        -0.04 m (west)
2025-12-01 15:34:42,811 | INFO |   North:        1.53 m (north)
2025-12-01 15:34:42,811 | INFO |   Up:          -0.01 m (below)
2025-12-01 15:34:42,811 | INFO |   Distance:     1.53 m (3D)
2025-12-01 15:34:42,811 | INFO |   RSSI:     -57 dBm | Integrity: 101
2025-12-01 15:34:42,811 | INFO | ======================================================================
2025-12-01 15:34:42,811 | INFO |   <-- Response received in time
2025-12-01 15:34:42,811 | INFO |   ... Waiting 2.0s before next request...
2025-12-01 15:34:42,811 | INFO | 
2025-12-01 15:34:44,813 | INFO | --> [15:34:44] Sending position request #26
2025-12-01 15:34:45,416 | INFO |   [OK] Position request delivered to transceiver
2025-12-01 15:34:46,054 | INFO | 
2025-12-01 15:34:46,054 | INFO | ======================================================================
2025-12-01 15:34:46,054 | INFO | POSITION RECEIVED #20
2025-12-01 15:34:46,054 | INFO | ======================================================================
2025-12-01 15:34:46,054 | INFO |   East:        -0.04 m (west)
2025-12-01 15:34:46,054 | INFO |   North:        1.53 m (north)
2025-12-01 15:34:46,054 | INFO |   Up:          -0.01 m (below)
2025-12-01 15:34:46,054 | INFO |   Distance:     1.53 m (3D)
2025-12-01 15:34:46,054 | INFO |   RSSI:     -57 dBm | Integrity: 92
2025-12-01 15:34:46,054 | INFO | ======================================================================
2025-12-01 15:34:46,054 | INFO |   <-- Response received in time
2025-12-01 15:34:46,054 | INFO |   ... Waiting 2.0s before next request...
2025-12-01 15:34:46,054 | INFO | 
2025-12-01 15:34:48,057 | INFO | --> [15:34:48] Sending position request #27
2025-12-01 15:34:48,669 | INFO |   [OK] Position request delivered to transceiver
2025-12-01 15:34:49,309 | INFO | 
2025-12-01 15:34:49,309 | INFO | ======================================================================
2025-12-01 15:34:49,310 | INFO | POSITION RECEIVED #21
2025-12-01 15:34:49,310 | INFO | ======================================================================
2025-12-01 15:34:49,310 | INFO |   East:        -0.04 m (west)
2025-12-01 15:34:49,310 | INFO |   North:        1.49 m (north)
2025-12-01 15:34:49,310 | INFO |   Up:          -0.01 m (below)
2025-12-01 15:34:49,310 | INFO |   Distance:     1.49 m (3D)
2025-12-01 15:34:49,310 | INFO |   RSSI:     -59 dBm | Integrity: 129
2025-12-01 15:34:49,310 | INFO | ======================================================================
2025-12-01 15:34:49,310 | INFO |   <-- Response received in time
2025-12-01 15:34:49,310 | INFO |   ... Waiting 2.0s before next request...
2025-12-01 15:34:49,310 | INFO | 
2025-12-01 15:34:51,313 | INFO | --> [15:34:51] Sending position request #28
2025-12-01 15:34:53,607 | INFO | 
2025-12-01 15:34:53,607 | INFO | ======================================================================
2025-12-01 15:34:53,607 | INFO | POSITION RECEIVED #22
2025-12-01 15:34:53,607 | INFO | ======================================================================
2025-12-01 15:34:53,607 | INFO |   East:        -0.04 m (west)
2025-12-01 15:34:53,607 | INFO |   North:        1.48 m (north)
2025-12-01 15:34:53,607 | INFO |   Up:          -0.01 m (below)
2025-12-01 15:34:53,608 | INFO |   Distance:     1.48 m (3D)
2025-12-01 15:34:53,608 | INFO |   RSSI:     -59 dBm | Integrity: 99
2025-12-01 15:34:53,608 | INFO | ======================================================================
2025-12-01 15:34:53,608 | INFO |   <-- Response received in time
2025-12-01 15:34:53,608 | INFO |   ... Waiting 2.0s before next request...
2025-12-01 15:34:53,608 | INFO | 
2025-12-01 15:34:53,629 | ERROR |   [FAIL] Position request FAILED - will retry
2025-12-01 15:34:55,611 | INFO | --> [15:34:55] Sending position request #29
2025-12-01 15:34:56,212 | INFO |   [OK] Position request delivered to transceiver
2025-12-01 15:35:05,622 | WARNING |   [TIMEOUT] Waiting for position response
2025-12-01 15:35:05,622 | INFO |   ... Waiting 2.0s before next request...
2025-12-01 15:35:05,623 | INFO | 
2025-12-01 15:35:07,625 | INFO | --> [15:35:07] Sending position request #30
2025-12-01 15:35:17,636 | WARNING |   [TIMEOUT] Waiting for position response
2025-12-01 15:35:17,636 | INFO |   ... Waiting 2.0s before next request...
2025-12-01 15:35:17,636 | INFO | 
2025-12-01 15:35:19,639 | INFO | --> [15:35:19] Sending position request #31
2025-12-01 15:35:24,683 | ERROR | Response reader error: [Errno 104] Connection reset by peer
2025-12-01 15:35:29,645 | WARNING |   [TIMEOUT] Waiting for position response
2025-12-01 15:35:29,646 | INFO |   ... Waiting 2.0s before next request...
2025-12-01 15:35:29,646 | INFO | 
2025-12-01 15:35:31,648 | INFO | --> [15:35:31] Sending position request #32
2025-12-01 15:35:31,649 | ERROR | Position requester error: [Errno 104] Connection reset by peer
