2025-12-01 16:23:04,724 | INFO | Logging to: logs/usbl_transponder_20251201_162304.log
2025-12-01 16:23:04,724 | DEBUG | Using selector: EpollSelector
2025-12-01 16:23:04,726 | INFO | [OK] Connected to USBL at 192.168.0.232:9200
2025-12-01 16:23:04,726 | INFO | Transponder ID: 3 --> Transceiver ID: 2
2025-12-01 16:23:04,726 | INFO | 
2025-12-01 16:23:04,726 | INFO | ======================================================================
2025-12-01 16:23:04,726 | INFO | TRANSPONDER STARTED - Event-Driven Position Request
2025-12-01 16:23:04,726 | INFO | ======================================================================
2025-12-01 16:23:04,726 | INFO | 
2025-12-01 16:23:04,726 | INFO | Starting position request loop...
2025-12-01 16:23:04,726 | INFO | Request interval: 5.0s after each position received
2025-12-01 16:23:04,726 | INFO | 
2025-12-01 16:23:05,727 | INFO | --> [16:23:05] Sending position request #1
2025-12-01 16:23:06,303 | INFO |   [OK] Position request delivered to transceiver
2025-12-01 16:23:06,942 | INFO | 
2025-12-01 16:23:06,943 | INFO | ======================================================================
2025-12-01 16:23:06,943 | INFO | POSITION RECEIVED #1
2025-12-01 16:23:06,943 | INFO | ======================================================================
2025-12-01 16:23:06,943 | INFO |   East:        -0.04 m (west)
2025-12-01 16:23:06,943 | INFO |   North:        0.98 m (north)
2025-12-01 16:23:06,943 | INFO |   Up:          -0.01 m (below)
2025-12-01 16:23:06,943 | INFO |   Distance:     0.98 m (3D)
2025-12-01 16:23:06,943 | INFO |   RSSI:     -53 dBm | Integrity: 154
2025-12-01 16:23:06,943 | INFO | ======================================================================
2025-12-01 16:23:06,944 | INFO |   <-- Response received in time
2025-12-01 16:23:06,944 | INFO |   ... Waiting 5.0s before next request...
2025-12-01 16:23:06,944 | INFO | 
2025-12-01 16:23:11,949 | INFO | --> [16:23:11] Sending position request #2
2025-12-01 16:23:12,523 | INFO |   [OK] Position request delivered to transceiver
2025-12-01 16:23:13,163 | INFO | 
2025-12-01 16:23:13,164 | INFO | ======================================================================
2025-12-01 16:23:13,164 | INFO | POSITION RECEIVED #2
2025-12-01 16:23:13,164 | INFO | ======================================================================
2025-12-01 16:23:13,164 | INFO |   East:        -0.05 m (west)
2025-12-01 16:23:13,164 | INFO |   North:        1.07 m (north)
2025-12-01 16:23:13,164 | INFO |   Up:          -0.01 m (below)
2025-12-01 16:23:13,164 | INFO |   Distance:     1.07 m (3D)
2025-12-01 16:23:13,164 | INFO |   RSSI:     -51 dBm | Integrity: 149
2025-12-01 16:23:13,164 | INFO | ======================================================================
2025-12-01 16:23:13,164 | INFO |   <-- Response received in time
2025-12-01 16:23:13,164 | INFO |   ... Waiting 5.0s before next request...
2025-12-01 16:23:13,164 | INFO | 
2025-12-01 16:23:18,170 | INFO | --> [16:23:18] Sending position request #3
2025-12-01 16:23:18,745 | INFO |   [OK] Position request delivered to transceiver
2025-12-01 16:23:28,180 | WARNING |   [TIMEOUT] Waiting for position response
2025-12-01 16:23:28,180 | INFO |   ... Waiting 5.0s before next request...
2025-12-01 16:23:28,180 | INFO | 
2025-12-01 16:23:33,181 | INFO | --> [16:23:33] Sending position request #4
2025-12-01 16:23:34,778 | INFO |   [OK] Position request delivered to transceiver
2025-12-01 16:23:35,418 | INFO | 
2025-12-01 16:23:35,418 | INFO | ======================================================================
2025-12-01 16:23:35,418 | INFO | POSITION RECEIVED #3
2025-12-01 16:23:35,418 | INFO | ======================================================================
2025-12-01 16:23:35,419 | INFO |   East:        -0.06 m (west)
2025-12-01 16:23:35,419 | INFO |   North:        1.46 m (north)
2025-12-01 16:23:35,419 | INFO |   Up:          -0.02 m (below)
2025-12-01 16:23:35,419 | INFO |   Distance:     1.46 m (3D)
2025-12-01 16:23:35,419 | INFO |   RSSI:     -51 dBm | Integrity: 116
2025-12-01 16:23:35,419 | INFO | ======================================================================
2025-12-01 16:23:35,420 | INFO |   <-- Response received in time
2025-12-01 16:23:35,420 | INFO |   ... Waiting 5.0s before next request...
2025-12-01 16:23:35,420 | INFO | 
2025-12-01 16:23:40,425 | INFO | --> [16:23:40] Sending position request #5
2025-12-01 16:23:40,998 | INFO |   [OK] Position request delivered to transceiver
2025-12-01 16:23:41,638 | INFO | 
2025-12-01 16:23:41,639 | INFO | ======================================================================
2025-12-01 16:23:41,639 | INFO | POSITION RECEIVED #4
2025-12-01 16:23:41,639 | INFO | ======================================================================
2025-12-01 16:23:41,639 | INFO |   East:        -0.06 m (west)
2025-12-01 16:23:41,639 | INFO |   North:        1.46 m (north)
2025-12-01 16:23:41,639 | INFO |   Up:          -0.02 m (below)
2025-12-01 16:23:41,639 | INFO |   Distance:     1.46 m (3D)
2025-12-01 16:23:41,639 | INFO |   RSSI:     -51 dBm | Integrity: 116
2025-12-01 16:23:41,639 | INFO | ======================================================================
2025-12-01 16:23:41,639 | INFO |   <-- Response received in time
2025-12-01 16:23:41,639 | INFO |   ... Waiting 5.0s before next request...
2025-12-01 16:23:41,639 | INFO | 
2025-12-01 16:23:46,645 | INFO | --> [16:23:46] Sending position request #6
2025-12-01 16:23:47,218 | INFO |   [OK] Position request delivered to transceiver
2025-12-01 16:23:47,858 | INFO | 
2025-12-01 16:23:47,858 | INFO | ======================================================================
2025-12-01 16:23:47,858 | INFO | POSITION RECEIVED #5
2025-12-01 16:23:47,858 | INFO | ======================================================================
2025-12-01 16:23:47,858 | INFO |   East:        -0.06 m (west)
2025-12-01 16:23:47,858 | INFO |   North:        1.63 m (north)
2025-12-01 16:23:47,858 | INFO |   Up:          -0.02 m (below)
2025-12-01 16:23:47,858 | INFO |   Distance:     1.63 m (3D)
2025-12-01 16:23:47,858 | INFO |   RSSI:     -52 dBm | Integrity: 134
2025-12-01 16:23:47,858 | INFO | ======================================================================
2025-12-01 16:23:47,859 | INFO |   <-- Response received in time
2025-12-01 16:23:47,859 | INFO |   ... Waiting 5.0s before next request...
2025-12-01 16:23:47,859 | INFO | 
2025-12-01 16:23:52,864 | INFO | --> [16:23:52] Sending position request #7
2025-12-01 16:23:53,439 | INFO |   [OK] Position request delivered to transceiver
2025-12-01 16:23:54,089 | INFO | 
2025-12-01 16:23:54,089 | INFO | ======================================================================
2025-12-01 16:23:54,089 | INFO | POSITION RECEIVED #6
2025-12-01 16:23:54,089 | INFO | ======================================================================
2025-12-01 16:23:54,089 | INFO |   East:        -0.06 m (west)
2025-12-01 16:23:54,089 | INFO |   North:        1.57 m (north)
2025-12-01 16:23:54,089 | INFO |   Up:          -0.02 m (below)
2025-12-01 16:23:54,090 | INFO |   Distance:     1.57 m (3D)
2025-12-01 16:23:54,090 | INFO |   RSSI:     -52 dBm | Integrity: 140
2025-12-01 16:23:54,090 | INFO | ======================================================================
2025-12-01 16:23:54,090 | INFO |   <-- Response received in time
2025-12-01 16:23:54,090 | INFO |   ... Waiting 5.0s before next request...
2025-12-01 16:23:54,090 | INFO | 
2025-12-01 16:23:55,131 | INFO | 
2025-12-01 16:23:55,132 | INFO | ======================================================================
2025-12-01 16:23:55,132 | INFO | POSITION RECEIVED #7
2025-12-01 16:23:55,132 | INFO | ======================================================================
2025-12-01 16:23:55,132 | INFO |   East:        -0.06 m (west)
2025-12-01 16:23:55,132 | INFO |   North:        1.57 m (north)
2025-12-01 16:23:55,132 | INFO |   Up:          -0.02 m (below)
2025-12-01 16:23:55,132 | INFO |   Distance:     1.57 m (3D)
2025-12-01 16:23:55,132 | INFO |   RSSI:     -52 dBm | Integrity: 109
2025-12-01 16:23:55,132 | INFO | ======================================================================
2025-12-01 16:23:59,094 | INFO | --> [16:23:59] Sending position request #8
2025-12-01 16:24:00,632 | INFO |   [OK] Position request delivered to transceiver
2025-12-01 16:24:01,271 | INFO | 
2025-12-01 16:24:01,271 | INFO | ======================================================================
2025-12-01 16:24:01,271 | INFO | POSITION RECEIVED #8
2025-12-01 16:24:01,271 | INFO | ======================================================================
2025-12-01 16:24:01,271 | INFO |   East:        -0.04 m (west)
2025-12-01 16:24:01,271 | INFO |   North:        1.63 m (north)
2025-12-01 16:24:01,271 | INFO |   Up:          -0.02 m (below)
2025-12-01 16:24:01,271 | INFO |   Distance:     1.63 m (3D)
2025-12-01 16:24:01,271 | INFO |   RSSI:     -51 dBm | Integrity: 102
2025-12-01 16:24:01,271 | INFO | ======================================================================
2025-12-01 16:24:01,271 | INFO |   <-- Response received in time
2025-12-01 16:24:01,272 | INFO |   ... Waiting 5.0s before next request...
2025-12-01 16:24:01,272 | INFO | 
2025-12-01 16:24:06,277 | INFO | --> [16:24:06] Sending position request #9
2025-12-01 16:24:06,851 | INFO |   [OK] Position request delivered to transceiver
2025-12-01 16:24:07,489 | INFO | 
2025-12-01 16:24:07,489 | INFO | ======================================================================
2025-12-01 16:24:07,489 | INFO | POSITION RECEIVED #9
2025-12-01 16:24:07,489 | INFO | ======================================================================
2025-12-01 16:24:07,489 | INFO |   East:        -0.05 m (west)
2025-12-01 16:24:07,489 | INFO |   North:        1.69 m (north)
2025-12-01 16:24:07,490 | INFO |   Up:          -0.02 m (below)
2025-12-01 16:24:07,490 | INFO |   Distance:     1.69 m (3D)
2025-12-01 16:24:07,490 | INFO |   RSSI:     -49 dBm | Integrity: 128
2025-12-01 16:24:07,490 | INFO | ======================================================================
2025-12-01 16:24:07,490 | INFO |   <-- Response received in time
2025-12-01 16:24:07,490 | INFO |   ... Waiting 5.0s before next request...
2025-12-01 16:24:07,490 | INFO | 
2025-12-01 16:24:12,496 | INFO | --> [16:24:12] Sending position request #10
2025-12-01 16:24:13,088 | INFO |   [OK] Position request delivered to transceiver
2025-12-01 16:24:13,728 | INFO | 
2025-12-01 16:24:13,728 | INFO | ======================================================================
2025-12-01 16:24:13,728 | INFO | POSITION RECEIVED #10
2025-12-01 16:24:13,728 | INFO | ======================================================================
2025-12-01 16:24:13,728 | INFO |   East:        -0.05 m (west)
2025-12-01 16:24:13,728 | INFO |   North:        1.57 m (north)
2025-12-01 16:24:13,728 | INFO |   Up:          -0.02 m (below)
2025-12-01 16:24:13,728 | INFO |   Distance:     1.57 m (3D)
2025-12-01 16:24:13,728 | INFO |   RSSI:     -49 dBm | Integrity: 152
2025-12-01 16:24:13,728 | INFO | ======================================================================
2025-12-01 16:24:13,729 | INFO |   <-- Response received in time
2025-12-01 16:24:13,729 | INFO |   ... Waiting 5.0s before next request...
2025-12-01 16:24:13,729 | INFO | 
2025-12-01 16:24:18,730 | INFO | --> [16:24:18] Sending position request #11
2025-12-01 16:24:19,322 | INFO |   [OK] Position request delivered to transceiver
2025-12-01 16:24:19,962 | INFO | 
2025-12-01 16:24:19,962 | INFO | ======================================================================
2025-12-01 16:24:19,962 | INFO | POSITION RECEIVED #11
2025-12-01 16:24:19,962 | INFO | ======================================================================
2025-12-01 16:24:19,962 | INFO |   East:        -0.05 m (west)
2025-12-01 16:24:19,962 | INFO |   North:        1.62 m (north)
2025-12-01 16:24:19,962 | INFO |   Up:          -0.02 m (below)
2025-12-01 16:24:19,962 | INFO |   Distance:     1.62 m (3D)
2025-12-01 16:24:19,962 | INFO |   RSSI:     -49 dBm | Integrity: 109
2025-12-01 16:24:19,962 | INFO | ======================================================================
2025-12-01 16:24:19,963 | INFO |   <-- Response received in time
2025-12-01 16:24:19,963 | INFO |   ... Waiting 5.0s before next request...
2025-12-01 16:24:19,963 | INFO | 
2025-12-01 16:24:24,969 | INFO | --> [16:24:24] Sending position request #12
2025-12-01 16:24:25,562 | INFO |   [OK] Position request delivered to transceiver
2025-12-01 16:24:26,200 | INFO | 
2025-12-01 16:24:26,200 | INFO | ======================================================================
2025-12-01 16:24:26,200 | INFO | POSITION RECEIVED #12
2025-12-01 16:24:26,200 | INFO | ======================================================================
2025-12-01 16:24:26,200 | INFO |   East:        -0.05 m (west)
2025-12-01 16:24:26,200 | INFO |   North:        1.62 m (north)
2025-12-01 16:24:26,200 | INFO |   Up:          -0.02 m (below)
2025-12-01 16:24:26,200 | INFO |   Distance:     1.62 m (3D)
2025-12-01 16:24:26,200 | INFO |   RSSI:     -50 dBm | Integrity: 142
2025-12-01 16:24:26,200 | INFO | ======================================================================
2025-12-01 16:24:26,200 | INFO |   <-- Response received in time
2025-12-01 16:24:26,200 | INFO |   ... Waiting 5.0s before next request...
2025-12-01 16:24:26,200 | INFO | 
2025-12-01 16:24:31,205 | INFO | --> [16:24:31] Sending position request #13
2025-12-01 16:24:31,797 | INFO |   [OK] Position request delivered to transceiver
2025-12-01 16:24:32,436 | INFO | 
2025-12-01 16:24:32,436 | INFO | ======================================================================
2025-12-01 16:24:32,436 | INFO | POSITION RECEIVED #13
2025-12-01 16:24:32,436 | INFO | ======================================================================
2025-12-01 16:24:32,436 | INFO |   East:        -0.05 m (west)
2025-12-01 16:24:32,436 | INFO |   North:        1.79 m (north)
2025-12-01 16:24:32,436 | INFO |   Up:          -0.02 m (below)
2025-12-01 16:24:32,436 | INFO |   Distance:     1.79 m (3D)
2025-12-01 16:24:32,436 | INFO |   RSSI:     -48 dBm | Integrity: 134
2025-12-01 16:24:32,436 | INFO | ======================================================================
2025-12-01 16:24:32,437 | INFO |   <-- Response received in time
2025-12-01 16:24:32,437 | INFO |   ... Waiting 5.0s before next request...
2025-12-01 16:24:32,437 | INFO | 
2025-12-01 16:24:37,443 | INFO | --> [16:24:37] Sending position request #14
2025-12-01 16:24:38,672 | INFO | 
2025-12-01 16:24:38,673 | INFO | ======================================================================
2025-12-01 16:24:38,673 | INFO | POSITION RECEIVED #14
2025-12-01 16:24:38,673 | INFO | ======================================================================
2025-12-01 16:24:38,673 | INFO |   East:        -0.06 m (west)
2025-12-01 16:24:38,673 | INFO |   North:        1.82 m (north)
2025-12-01 16:24:38,673 | INFO |   Up:          -0.02 m (below)
2025-12-01 16:24:38,673 | INFO |   Distance:     1.82 m (3D)
2025-12-01 16:24:38,673 | INFO |   RSSI:     -51 dBm | Integrity: 99
2025-12-01 16:24:38,673 | INFO | ======================================================================
2025-12-01 16:24:38,673 | INFO |   <-- Response received in time
2025-12-01 16:24:38,673 | INFO |   ... Waiting 5.0s before next request...
2025-12-01 16:24:38,673 | INFO | 
2025-12-01 16:24:39,267 | INFO |   [OK] Position request delivered to transceiver
2025-12-01 16:24:39,909 | INFO | 
2025-12-01 16:24:39,909 | INFO | ======================================================================
2025-12-01 16:24:39,909 | INFO | POSITION RECEIVED #15
2025-12-01 16:24:39,909 | INFO | ======================================================================
2025-12-01 16:24:39,909 | INFO |   East:        -0.06 m (west)
2025-12-01 16:24:39,909 | INFO |   North:        1.81 m (north)
2025-12-01 16:24:39,909 | INFO |   Up:          -0.02 m (below)
2025-12-01 16:24:39,909 | INFO |   Distance:     1.81 m (3D)
2025-12-01 16:24:39,909 | INFO |   RSSI:     -50 dBm | Integrity: 111
2025-12-01 16:24:39,909 | INFO | ======================================================================
2025-12-01 16:24:43,677 | INFO | --> [16:24:43] Sending position request #15
2025-12-01 16:24:44,270 | INFO |   [OK] Position request delivered to transceiver
2025-12-01 16:24:44,910 | INFO | 
2025-12-01 16:24:44,910 | INFO | ======================================================================
2025-12-01 16:24:44,910 | INFO | POSITION RECEIVED #16
2025-12-01 16:24:44,910 | INFO | ======================================================================
2025-12-01 16:24:44,910 | INFO |   East:        -0.06 m (west)
2025-12-01 16:24:44,910 | INFO |   North:        1.83 m (north)
2025-12-01 16:24:44,910 | INFO |   Up:          -0.02 m (below)
2025-12-01 16:24:44,910 | INFO |   Distance:     1.83 m (3D)
2025-12-01 16:24:44,911 | INFO |   RSSI:     -49 dBm | Integrity: 150
2025-12-01 16:24:44,911 | INFO | ======================================================================
2025-12-01 16:24:44,911 | INFO |   <-- Response received in time
2025-12-01 16:24:44,911 | INFO |   ... Waiting 5.0s before next request...
2025-12-01 16:24:44,911 | INFO | 
2025-12-01 16:24:49,916 | INFO | --> [16:24:49] Sending position request #16
2025-12-01 16:24:50,509 | INFO |   [OK] Position request delivered to transceiver
2025-12-01 16:24:51,149 | INFO | 
2025-12-01 16:24:51,149 | INFO | ======================================================================
2025-12-01 16:24:51,149 | INFO | POSITION RECEIVED #17
2025-12-01 16:24:51,149 | INFO | ======================================================================
2025-12-01 16:24:51,149 | INFO |   East:        -0.06 m (west)
2025-12-01 16:24:51,149 | INFO |   North:        1.81 m (north)
2025-12-01 16:24:51,149 | INFO |   Up:          -0.02 m (below)
2025-12-01 16:24:51,149 | INFO |   Distance:     1.81 m (3D)
2025-12-01 16:24:51,149 | INFO |   RSSI:     -50 dBm | Integrity: 151
2025-12-01 16:24:51,149 | INFO | ======================================================================
2025-12-01 16:24:51,149 | INFO |   <-- Response received in time
2025-12-01 16:24:51,149 | INFO |   ... Waiting 5.0s before next request...
2025-12-01 16:24:51,149 | INFO | 
2025-12-01 16:24:56,155 | INFO | --> [16:24:56] Sending position request #17
2025-12-01 16:24:56,749 | INFO |   [OK] Position request delivered to transceiver
2025-12-01 16:24:57,385 | INFO | 
2025-12-01 16:24:57,386 | INFO | ======================================================================
2025-12-01 16:24:57,386 | INFO | POSITION RECEIVED #18
2025-12-01 16:24:57,386 | INFO | ======================================================================
2025-12-01 16:24:57,386 | INFO |   East:        -0.06 m (west)
2025-12-01 16:24:57,386 | INFO |   North:        1.73 m (north)
2025-12-01 16:24:57,386 | INFO |   Up:          -0.02 m (below)
2025-12-01 16:24:57,386 | INFO |   Distance:     1.73 m (3D)
2025-12-01 16:24:57,386 | INFO |   RSSI:     -48 dBm | Integrity: 126
2025-12-01 16:24:57,386 | INFO | ======================================================================
2025-12-01 16:24:57,386 | INFO |   <-- Response received in time
2025-12-01 16:24:57,386 | INFO |   ... Waiting 5.0s before next request...
2025-12-01 16:24:57,387 | INFO | 
2025-12-01 16:25:02,392 | INFO | --> [16:25:02] Sending position request #18
2025-12-01 16:25:04,320 | ERROR |   [FAIL] Position request FAILED - will retry
2025-12-01 16:25:04,320 | INFO |   <-- Response received in time
2025-12-01 16:25:04,320 | INFO |   ... Waiting 5.0s before next request...
2025-12-01 16:25:04,320 | INFO | 
2025-12-01 16:25:09,325 | INFO | --> [16:25:09] Sending position request #19
2025-12-01 16:25:09,919 | INFO |   [OK] Position request delivered to transceiver
2025-12-01 16:25:10,560 | INFO | 
2025-12-01 16:25:10,560 | INFO | ======================================================================
2025-12-01 16:25:10,560 | INFO | POSITION RECEIVED #19
2025-12-01 16:25:10,560 | INFO | ======================================================================
2025-12-01 16:25:10,560 | INFO |   East:        -0.06 m (west)
2025-12-01 16:25:10,560 | INFO |   North:        1.47 m (north)
2025-12-01 16:25:10,561 | INFO |   Up:          -0.02 m (below)
2025-12-01 16:25:10,561 | INFO |   Distance:     1.47 m (3D)
2025-12-01 16:25:10,561 | INFO |   RSSI:     -50 dBm | Integrity: 142
2025-12-01 16:25:10,561 | INFO | ======================================================================
2025-12-01 16:25:10,561 | INFO |   <-- Response received in time
2025-12-01 16:25:10,561 | INFO |   ... Waiting 5.0s before next request...
2025-12-01 16:25:10,561 | INFO | 
2025-12-01 16:25:11,613 | INFO | 
2025-12-01 16:25:11,613 | INFO | ======================================================================
2025-12-01 16:25:11,613 | INFO | POSITION RECEIVED #20
2025-12-01 16:25:11,613 | INFO | ======================================================================
2025-12-01 16:25:11,613 | INFO |   East:        -0.06 m (west)
2025-12-01 16:25:11,614 | INFO |   North:        1.47 m (north)
2025-12-01 16:25:11,614 | INFO |   Up:          -0.02 m (below)
2025-12-01 16:25:11,614 | INFO |   Distance:     1.47 m (3D)
2025-12-01 16:25:11,614 | INFO |   RSSI:     -50 dBm | Integrity: 123
2025-12-01 16:25:11,614 | INFO | ======================================================================
2025-12-01 16:25:15,563 | INFO | --> [16:25:15] Sending position request #20
2025-12-01 16:25:16,154 | INFO |   [OK] Position request delivered to transceiver
2025-12-01 16:25:16,794 | INFO | 
2025-12-01 16:25:16,794 | INFO | ======================================================================
2025-12-01 16:25:16,795 | INFO | POSITION RECEIVED #21
2025-12-01 16:25:16,795 | INFO | ======================================================================
2025-12-01 16:25:16,795 | INFO |   East:        -0.06 m (west)
2025-12-01 16:25:16,795 | INFO |   North:        1.54 m (north)
2025-12-01 16:25:16,795 | INFO |   Up:          -0.02 m (below)
2025-12-01 16:25:16,795 | INFO |   Distance:     1.54 m (3D)
2025-12-01 16:25:16,795 | INFO |   RSSI:     -52 dBm | Integrity: 115
2025-12-01 16:25:16,795 | INFO | ======================================================================
2025-12-01 16:25:16,795 | INFO |   <-- Response received in time
2025-12-01 16:25:16,795 | INFO |   ... Waiting 5.0s before next request...
2025-12-01 16:25:16,795 | INFO | 
2025-12-01 16:25:21,801 | INFO | --> [16:25:21] Sending position request #21
2025-12-01 16:25:22,395 | INFO |   [OK] Position request delivered to transceiver
2025-12-01 16:25:23,036 | INFO | 
2025-12-01 16:25:23,036 | INFO | ======================================================================
2025-12-01 16:25:23,036 | INFO | POSITION RECEIVED #22
2025-12-01 16:25:23,037 | INFO | ======================================================================
2025-12-01 16:25:23,037 | INFO |   East:        -0.06 m (west)
2025-12-01 16:25:23,037 | INFO |   North:        1.45 m (north)
2025-12-01 16:25:23,037 | INFO |   Up:          -0.02 m (below)
2025-12-01 16:25:23,037 | INFO |   Distance:     1.45 m (3D)
2025-12-01 16:25:23,037 | INFO |   RSSI:     -52 dBm | Integrity: 121
2025-12-01 16:25:23,037 | INFO | ======================================================================
2025-12-01 16:25:23,037 | INFO |   <-- Response received in time
2025-12-01 16:25:23,037 | INFO |   ... Waiting 5.0s before next request...
2025-12-01 16:25:23,037 | INFO | 
2025-12-01 16:25:28,043 | INFO | --> [16:25:28] Sending position request #22
2025-12-01 16:25:28,634 | INFO |   [OK] Position request delivered to transceiver
2025-12-01 16:25:29,274 | INFO | 
2025-12-01 16:25:29,274 | INFO | ======================================================================
2025-12-01 16:25:29,274 | INFO | POSITION RECEIVED #23
2025-12-01 16:25:29,274 | INFO | ======================================================================
2025-12-01 16:25:29,274 | INFO |   East:        -0.06 m (west)
2025-12-01 16:25:29,274 | INFO |   North:        1.48 m (north)
2025-12-01 16:25:29,274 | INFO |   Up:          -0.02 m (below)
2025-12-01 16:25:29,274 | INFO |   Distance:     1.48 m (3D)
2025-12-01 16:25:29,274 | INFO |   RSSI:     -52 dBm | Integrity: 103
2025-12-01 16:25:29,274 | INFO | ======================================================================
2025-12-01 16:25:29,274 | INFO |   <-- Response received in time
2025-12-01 16:25:29,274 | INFO |   ... Waiting 5.0s before next request...
2025-12-01 16:25:29,274 | INFO | 
2025-12-01 16:25:34,280 | INFO | --> [16:25:34] Sending position request #23
2025-12-01 16:25:34,873 | INFO |   [OK] Position request delivered to transceiver
2025-12-01 16:25:35,514 | INFO | 
2025-12-01 16:25:35,514 | INFO | ======================================================================
2025-12-01 16:25:35,514 | INFO | POSITION RECEIVED #24
2025-12-01 16:25:35,514 | INFO | ======================================================================
2025-12-01 16:25:35,514 | INFO |   East:        -0.06 m (west)
2025-12-01 16:25:35,514 | INFO |   North:        1.47 m (north)
2025-12-01 16:25:35,514 | INFO |   Up:          -0.02 m (below)
2025-12-01 16:25:35,514 | INFO |   Distance:     1.47 m (3D)
2025-12-01 16:25:35,514 | INFO |   RSSI:     -52 dBm | Integrity: 117
2025-12-01 16:25:35,515 | INFO | ======================================================================
2025-12-01 16:25:35,515 | INFO |   <-- Response received in time
2025-12-01 16:25:35,515 | INFO |   ... Waiting 5.0s before next request...
2025-12-01 16:25:35,515 | INFO | 
2025-12-01 16:25:40,521 | INFO | --> [16:25:40] Sending position request #24
2025-12-01 16:25:41,114 | INFO |   [OK] Position request delivered to transceiver
2025-12-01 16:25:41,752 | INFO | 
2025-12-01 16:25:41,753 | INFO | ======================================================================
2025-12-01 16:25:41,753 | INFO | POSITION RECEIVED #25
2025-12-01 16:25:41,753 | INFO | ======================================================================
2025-12-01 16:25:41,753 | INFO |   East:        -0.06 m (west)
2025-12-01 16:25:41,753 | INFO |   North:        1.47 m (north)
2025-12-01 16:25:41,753 | INFO |   Up:          -0.02 m (below)
2025-12-01 16:25:41,753 | INFO |   Distance:     1.47 m (3D)
2025-12-01 16:25:41,753 | INFO |   RSSI:     -53 dBm | Integrity: 116
2025-12-01 16:25:41,753 | INFO | ======================================================================
2025-12-01 16:25:41,754 | INFO |   <-- Response received in time
2025-12-01 16:25:41,754 | INFO |   ... Waiting 5.0s before next request...
2025-12-01 16:25:41,754 | INFO | 
2025-12-01 16:25:46,760 | INFO | --> [16:25:46] Sending position request #25
2025-12-01 16:25:47,353 | INFO |   [OK] Position request delivered to transceiver
2025-12-01 16:25:47,990 | INFO | 
2025-12-01 16:25:47,990 | INFO | ======================================================================
2025-12-01 16:25:47,990 | INFO | POSITION RECEIVED #26
2025-12-01 16:25:47,990 | INFO | ======================================================================
2025-12-01 16:25:47,990 | INFO |   East:        -0.06 m (west)
2025-12-01 16:25:47,990 | INFO |   North:        1.47 m (north)
2025-12-01 16:25:47,990 | INFO |   Up:          -0.02 m (below)
2025-12-01 16:25:47,990 | INFO |   Distance:     1.47 m (3D)
2025-12-01 16:25:47,990 | INFO |   RSSI:     -53 dBm | Integrity: 101
2025-12-01 16:25:47,990 | INFO | ======================================================================
2025-12-01 16:25:47,990 | INFO |   <-- Response received in time
2025-12-01 16:25:47,990 | INFO |   ... Waiting 5.0s before next request...
2025-12-01 16:25:47,990 | INFO | 
2025-12-01 16:25:52,996 | INFO | --> [16:25:52] Sending position request #26
2025-12-01 16:25:53,589 | INFO |   [OK] Position request delivered to transceiver
2025-12-01 16:25:54,227 | INFO | 
2025-12-01 16:25:54,227 | INFO | ======================================================================
2025-12-01 16:25:54,227 | INFO | POSITION RECEIVED #27
2025-12-01 16:25:54,227 | INFO | ======================================================================
2025-12-01 16:25:54,227 | INFO |   East:        -0.06 m (west)
2025-12-01 16:25:54,227 | INFO |   North:        1.48 m (north)
2025-12-01 16:25:54,227 | INFO |   Up:          -0.02 m (below)
2025-12-01 16:25:54,227 | INFO |   Distance:     1.48 m (3D)
2025-12-01 16:25:54,227 | INFO |   RSSI:     -52 dBm | Integrity: 100
2025-12-01 16:25:54,227 | INFO | ======================================================================
2025-12-01 16:25:54,227 | INFO |   <-- Response received in time
2025-12-01 16:25:54,227 | INFO |   ... Waiting 5.0s before next request...
2025-12-01 16:25:54,227 | INFO | 
2025-12-01 16:25:59,233 | INFO | --> [16:25:59] Sending position request #27
2025-12-01 16:25:59,824 | INFO |   [OK] Position request delivered to transceiver
2025-12-01 16:26:00,464 | INFO | 
2025-12-01 16:26:00,464 | INFO | ======================================================================
2025-12-01 16:26:00,464 | INFO | POSITION RECEIVED #28
2025-12-01 16:26:00,464 | INFO | ======================================================================
2025-12-01 16:26:00,464 | INFO |   East:        -0.06 m (west)
2025-12-01 16:26:00,464 | INFO |   North:        1.48 m (north)
2025-12-01 16:26:00,464 | INFO |   Up:          -0.02 m (below)
2025-12-01 16:26:00,464 | INFO |   Distance:     1.48 m (3D)
2025-12-01 16:26:00,464 | INFO |   RSSI:     -52 dBm | Integrity: 103
2025-12-01 16:26:00,464 | INFO | ======================================================================
2025-12-01 16:26:00,464 | INFO |   <-- Response received in time
2025-12-01 16:26:00,464 | INFO |   ... Waiting 5.0s before next request...
2025-12-01 16:26:00,464 | INFO | 
2025-12-01 16:26:05,470 | INFO | --> [16:26:05] Sending position request #28
2025-12-01 16:26:06,061 | INFO |   [OK] Position request delivered to transceiver
2025-12-01 16:26:06,702 | INFO | 
2025-12-01 16:26:06,702 | INFO | ======================================================================
2025-12-01 16:26:06,704 | INFO | POSITION RECEIVED #29
2025-12-01 16:26:06,704 | INFO | ======================================================================
2025-12-01 16:26:06,704 | INFO |   East:        -0.06 m (west)
2025-12-01 16:26:06,704 | INFO |   North:        1.46 m (north)
2025-12-01 16:26:06,704 | INFO |   Up:          -0.02 m (below)
2025-12-01 16:26:06,704 | INFO |   Distance:     1.46 m (3D)
2025-12-01 16:26:06,705 | INFO |   RSSI:     -53 dBm | Integrity: 137
2025-12-01 16:26:06,705 | INFO | ======================================================================
2025-12-01 16:26:06,705 | INFO |   <-- Response received in time
2025-12-01 16:26:06,705 | INFO |   ... Waiting 5.0s before next request...
2025-12-01 16:26:06,705 | INFO | 
2025-12-01 16:26:11,711 | INFO | --> [16:26:11] Sending position request #29
2025-12-01 16:26:12,304 | INFO |   [OK] Position request delivered to transceiver
2025-12-01 16:26:12,940 | INFO | 
2025-12-01 16:26:12,940 | INFO | ======================================================================
2025-12-01 16:26:12,940 | INFO | POSITION RECEIVED #30
2025-12-01 16:26:12,940 | INFO | ======================================================================
2025-12-01 16:26:12,941 | INFO |   East:        -0.02 m (west)
2025-12-01 16:26:12,941 | INFO |   North:        0.82 m (north)
2025-12-01 16:26:12,941 | INFO |   Up:          -0.01 m (below)
2025-12-01 16:26:12,941 | INFO |   Distance:     0.82 m (3D)
2025-12-01 16:26:12,941 | INFO |   RSSI:     -48 dBm | Integrity: 207
2025-12-01 16:26:12,941 | INFO | ======================================================================
2025-12-01 16:26:12,941 | INFO |   <-- Response received in time
2025-12-01 16:26:12,941 | INFO |   ... Waiting 5.0s before next request...
2025-12-01 16:26:12,941 | INFO | 
2025-12-01 16:26:17,947 | INFO | --> [16:26:17] Sending position request #30
2025-12-01 16:26:18,541 | INFO |   [OK] Position request delivered to transceiver
2025-12-01 16:26:19,180 | INFO | 
2025-12-01 16:26:19,180 | INFO | ======================================================================
2025-12-01 16:26:19,180 | INFO | POSITION RECEIVED #31
2025-12-01 16:26:19,181 | INFO | ======================================================================
2025-12-01 16:26:19,181 | INFO |   East:        -0.02 m (west)
2025-12-01 16:26:19,181 | INFO |   North:        0.56 m (north)
2025-12-01 16:26:19,181 | INFO |   Up:          -0.01 m (below)
2025-12-01 16:26:19,181 | INFO |   Distance:     0.56 m (3D)
2025-12-01 16:26:19,181 | INFO |   RSSI:     -52 dBm | Integrity: 155
2025-12-01 16:26:19,181 | INFO | ======================================================================
2025-12-01 16:26:19,181 | INFO |   <-- Response received in time
2025-12-01 16:26:19,182 | INFO |   ... Waiting 5.0s before next request...
2025-12-01 16:26:19,182 | INFO | 
2025-12-01 16:26:24,187 | INFO | --> [16:26:24] Sending position request #31
2025-12-01 16:26:24,781 | INFO |   [OK] Position request delivered to transceiver
2025-12-01 16:26:25,404 | INFO | 
2025-12-01 16:26:25,404 | INFO | ======================================================================
2025-12-01 16:26:25,404 | INFO | POSITION RECEIVED #32
2025-12-01 16:26:25,404 | INFO | ======================================================================
2025-12-01 16:26:25,404 | INFO |   East:        -0.03 m (west)
2025-12-01 16:26:25,404 | INFO |   North:        0.80 m (north)
2025-12-01 16:26:25,404 | INFO |   Up:          -0.01 m (below)
2025-12-01 16:26:25,404 | INFO |   Distance:     0.80 m (3D)
2025-12-01 16:26:25,404 | INFO |   RSSI:     -51 dBm | Integrity: 136
2025-12-01 16:26:25,404 | INFO | ======================================================================
2025-12-01 16:26:25,405 | INFO |   <-- Response received in time
2025-12-01 16:26:25,405 | INFO |   ... Waiting 5.0s before next request...
2025-12-01 16:26:25,405 | INFO | 
2025-12-01 16:26:30,410 | INFO | --> [16:26:30] Sending position request #32
2025-12-01 16:26:31,005 | INFO |   [OK] Position request delivered to transceiver
2025-12-01 16:26:31,627 | INFO | 
2025-12-01 16:26:31,627 | INFO | ======================================================================
2025-12-01 16:26:31,627 | INFO | POSITION RECEIVED #33
2025-12-01 16:26:31,627 | INFO | ======================================================================
2025-12-01 16:26:31,627 | INFO |   East:        -0.01 m (west)
2025-12-01 16:26:31,628 | INFO |   North:        0.39 m (north)
2025-12-01 16:26:31,628 | INFO |   Up:          -0.00 m (above)
2025-12-01 16:26:31,628 | INFO |   Distance:     0.39 m (3D)
2025-12-01 16:26:31,628 | INFO |   RSSI:     -49 dBm | Integrity: 151
2025-12-01 16:26:31,628 | INFO | ======================================================================
2025-12-01 16:26:31,628 | INFO |   <-- Response received in time
2025-12-01 16:26:31,628 | INFO |   ... Waiting 5.0s before next request...
2025-12-01 16:26:31,628 | INFO | 
2025-12-01 16:26:36,634 | INFO | --> [16:26:36] Sending position request #33
2025-12-01 16:26:37,226 | INFO |   [OK] Position request delivered to transceiver
2025-12-01 16:26:37,866 | INFO | 
2025-12-01 16:26:37,866 | INFO | ======================================================================
2025-12-01 16:26:37,876 | INFO | POSITION RECEIVED #34
2025-12-01 16:26:37,876 | INFO | ======================================================================
2025-12-01 16:26:37,877 | INFO |   East:        -0.03 m (west)
2025-12-01 16:26:37,877 | INFO |   North:        0.68 m (north)
2025-12-01 16:26:37,877 | INFO |   Up:          -0.01 m (below)
2025-12-01 16:26:37,877 | INFO |   Distance:     0.68 m (3D)
2025-12-01 16:26:37,877 | INFO |   RSSI:     -53 dBm | Integrity: 113
2025-12-01 16:26:37,877 | INFO | ======================================================================
2025-12-01 16:26:37,877 | INFO |   <-- Response received in time
2025-12-01 16:26:37,877 | INFO |   ... Waiting 5.0s before next request...
2025-12-01 16:26:37,877 | INFO | 
2025-12-01 16:26:42,883 | INFO | --> [16:26:42] Sending position request #34
2025-12-01 16:26:43,474 | INFO |   [OK] Position request delivered to transceiver
2025-12-01 16:26:44,113 | INFO | 
2025-12-01 16:26:44,113 | INFO | ======================================================================
2025-12-01 16:26:44,114 | INFO | POSITION RECEIVED #35
2025-12-01 16:26:44,114 | INFO | ======================================================================
2025-12-01 16:26:44,114 | INFO |   East:        -0.05 m (west)
2025-12-01 16:26:44,114 | INFO |   North:        1.15 m (north)
2025-12-01 16:26:44,114 | INFO |   Up:          -0.01 m (below)
2025-12-01 16:26:44,114 | INFO |   Distance:     1.15 m (3D)
2025-12-01 16:26:44,114 | INFO |   RSSI:     -53 dBm | Integrity: 137
2025-12-01 16:26:44,114 | INFO | ======================================================================
2025-12-01 16:26:44,114 | INFO |   <-- Response received in time
2025-12-01 16:26:44,114 | INFO |   ... Waiting 5.0s before next request...
2025-12-01 16:26:44,114 | INFO | 
2025-12-01 16:26:49,120 | INFO | --> [16:26:49] Sending position request #35
2025-12-01 16:26:50,942 | ERROR |   [FAIL] Position request FAILED - will retry
2025-12-01 16:26:50,943 | INFO |   <-- Response received in time
2025-12-01 16:26:50,943 | INFO |   ... Waiting 5.0s before next request...
2025-12-01 16:26:50,943 | INFO | 
2025-12-01 16:26:52,260 | INFO | 
2025-12-01 16:26:52,260 | INFO | ======================================================================
2025-12-01 16:26:52,260 | INFO | POSITION RECEIVED #36
2025-12-01 16:26:52,260 | INFO | ======================================================================
2025-12-01 16:26:52,260 | INFO |   East:        -0.06 m (west)
2025-12-01 16:26:52,260 | INFO |   North:        1.40 m (north)
2025-12-01 16:26:52,260 | INFO |   Up:          -0.02 m (below)
2025-12-01 16:26:52,260 | INFO |   Distance:     1.40 m (3D)
2025-12-01 16:26:52,261 | INFO |   RSSI:     -53 dBm | Integrity: 105
2025-12-01 16:26:52,261 | INFO | ======================================================================
2025-12-01 16:26:55,949 | INFO | --> [16:26:55] Sending position request #36
2025-12-01 16:26:56,540 | INFO |   [OK] Position request delivered to transceiver
2025-12-01 16:26:57,180 | INFO | 
2025-12-01 16:26:57,180 | INFO | ======================================================================
2025-12-01 16:26:57,180 | INFO | POSITION RECEIVED #37
2025-12-01 16:26:57,180 | INFO | ======================================================================
2025-12-01 16:26:57,180 | INFO |   East:        -0.04 m (west)
2025-12-01 16:26:57,180 | INFO |   North:        0.96 m (north)
2025-12-01 16:26:57,180 | INFO |   Up:          -0.01 m (below)
2025-12-01 16:26:57,181 | INFO |   Distance:     0.96 m (3D)
2025-12-01 16:26:57,181 | INFO |   RSSI:     -51 dBm | Integrity: 141
2025-12-01 16:26:57,181 | INFO | ======================================================================
2025-12-01 16:26:57,181 | INFO |   <-- Response received in time
2025-12-01 16:26:57,181 | INFO |   ... Waiting 5.0s before next request...
2025-12-01 16:26:57,181 | INFO | 
2025-12-01 16:27:02,187 | INFO | --> [16:27:02] Sending position request #37
2025-12-01 16:27:02,779 | INFO |   [OK] Position request delivered to transceiver
2025-12-01 16:27:03,418 | INFO | 
2025-12-01 16:27:03,418 | INFO | ======================================================================
2025-12-01 16:27:03,418 | INFO | POSITION RECEIVED #38
2025-12-01 16:27:03,418 | INFO | ======================================================================
2025-12-01 16:27:03,418 | INFO |   East:        -0.05 m (west)
2025-12-01 16:27:03,418 | INFO |   North:        1.34 m (north)
2025-12-01 16:27:03,418 | INFO |   Up:          -0.01 m (below)
2025-12-01 16:27:03,418 | INFO |   Distance:     1.34 m (3D)
2025-12-01 16:27:03,418 | INFO |   RSSI:     -51 dBm | Integrity: 129
2025-12-01 16:27:03,419 | INFO | ======================================================================
2025-12-01 16:27:03,419 | INFO |   <-- Response received in time
2025-12-01 16:27:03,419 | INFO |   ... Waiting 5.0s before next request...
2025-12-01 16:27:03,419 | INFO | 
2025-12-01 16:27:04,475 | INFO | 
2025-12-01 16:27:04,475 | INFO | ======================================================================
2025-12-01 16:27:04,475 | INFO | POSITION RECEIVED #39
2025-12-01 16:27:04,475 | INFO | ======================================================================
2025-12-01 16:27:04,475 | INFO |   East:        -0.05 m (west)
2025-12-01 16:27:04,475 | INFO |   North:        1.34 m (north)
2025-12-01 16:27:04,475 | INFO |   Up:          -0.01 m (below)
2025-12-01 16:27:04,476 | INFO |   Distance:     1.34 m (3D)
2025-12-01 16:27:04,476 | INFO |   RSSI:     -52 dBm | Integrity: 149
2025-12-01 16:27:04,476 | INFO | ======================================================================
2025-12-01 16:27:08,424 | INFO | --> [16:27:08] Sending position request #38
2025-12-01 16:27:09,027 | INFO |   [OK] Position request delivered to transceiver
2025-12-01 16:27:09,657 | INFO | 
2025-12-01 16:27:09,657 | INFO | ======================================================================
2025-12-01 16:27:09,657 | INFO | POSITION RECEIVED #40
2025-12-01 16:27:09,657 | INFO | ======================================================================
2025-12-01 16:27:09,657 | INFO |   East:        -0.05 m (west)
2025-12-01 16:27:09,657 | INFO |   North:        1.01 m (north)
2025-12-01 16:27:09,658 | INFO |   Up:          -0.01 m (below)
2025-12-01 16:27:09,658 | INFO |   Distance:     1.01 m (3D)
2025-12-01 16:27:09,658 | INFO |   RSSI:     -55 dBm | Integrity: 119
2025-12-01 16:27:09,658 | INFO | ======================================================================
2025-12-01 16:27:09,658 | INFO |   <-- Response received in time
2025-12-01 16:27:09,658 | INFO |   ... Waiting 5.0s before next request...
2025-12-01 16:27:09,658 | INFO | 
2025-12-01 16:27:14,663 | INFO | --> [16:27:14] Sending position request #39
2025-12-01 16:27:16,539 | ERROR |   [FAIL] Position request FAILED - will retry
2025-12-01 16:27:16,540 | INFO |   <-- Response received in time
2025-12-01 16:27:16,540 | INFO |   ... Waiting 5.0s before next request...
2025-12-01 16:27:16,540 | INFO | 
2025-12-01 16:27:21,546 | INFO | --> [16:27:21] Sending position request #40
2025-12-01 16:27:23,518 | ERROR |   [FAIL] Position request FAILED - will retry
2025-12-01 16:27:23,518 | INFO |   <-- Response received in time
2025-12-01 16:27:23,518 | INFO |   ... Waiting 5.0s before next request...
2025-12-01 16:27:23,518 | INFO | 
2025-12-01 16:27:28,524 | INFO | --> [16:27:28] Sending position request #41
2025-12-01 16:27:29,117 | INFO |   [OK] Position request delivered to transceiver
2025-12-01 16:27:38,535 | WARNING |   [TIMEOUT] Waiting for position response
2025-12-01 16:27:38,535 | INFO |   ... Waiting 5.0s before next request...
2025-12-01 16:27:38,536 | INFO | 
2025-12-01 16:27:43,542 | INFO | --> [16:27:43] Sending position request #42
2025-12-01 16:27:44,136 | INFO |   [OK] Position request delivered to transceiver
2025-12-01 16:27:53,552 | WARNING |   [TIMEOUT] Waiting for position response
2025-12-01 16:27:53,552 | INFO |   ... Waiting 5.0s before next request...
2025-12-01 16:27:53,552 | INFO | 
2025-12-01 16:27:58,558 | INFO | --> [16:27:58] Sending position request #43
2025-12-01 16:27:59,152 | INFO |   [OK] Position request delivered to transceiver
2025-12-01 16:28:08,569 | WARNING |   [TIMEOUT] Waiting for position response
2025-12-01 16:28:08,569 | INFO |   ... Waiting 5.0s before next request...
2025-12-01 16:28:08,572 | INFO | 
2025-12-01 16:28:13,573 | INFO | --> [16:28:13] Sending position request #44
2025-12-01 16:28:14,167 | INFO |   [OK] Position request delivered to transceiver
2025-12-01 16:28:23,584 | WARNING |   [TIMEOUT] Waiting for position response
2025-12-01 16:28:23,584 | INFO |   ... Waiting 5.0s before next request...
2025-12-01 16:28:23,584 | INFO | 
2025-12-01 16:28:26,590 | ERROR | Task was destroyed but it is pending!
task: <Task pending coro=<response_reader() done, defined at /home/federico/LABMACS/2025_Jetson_HL_Nav-Guidance/src/test/usbl/transponder/usbl_transponder_test_tx2_logs.py:146> wait_for=<Future cancelled> cb=[gather.<locals>._done_callback(0)() at /home/federico/miniconda3/envs/jetson-TX2-env/lib/python3.6/asyncio/tasks.py:622]>
2025-12-01 16:28:26,590 | ERROR | Task was destroyed but it is pending!
task: <Task pending coro=<position_requester() done, defined at /home/federico/LABMACS/2025_Jetson_HL_Nav-Guidance/src/test/usbl/transponder/usbl_transponder_test_tx2_logs.py:208> wait_for=<Future pending cb=[<TaskWakeupMethWrapper object at 0x75817676d9a8>()]> cb=[gather.<locals>._done_callback(1)() at /home/federico/miniconda3/envs/jetson-TX2-env/lib/python3.6/asyncio/tasks.py:622]>
